\BOOKMARK [0][-]{chapter.1}{\376\377\000l\000a\000b\0001}{}% 1
\BOOKMARK [0][-]{chapter.2}{\376\377\000I\000n\000d\000e\000k\000s\000\040\000h\000i\000e\000r\000a\000r\000c\000h\000i\000c\000z\000n\000y}{}% 2
\BOOKMARK [1][-]{section.2.1}{\376\377\000H\000i\000e\000r\000a\000r\000c\000h\000i\000a\000\040\000k\000l\000a\000s}{chapter.2}% 3
\BOOKMARK [0][-]{chapter.3}{\376\377\000I\000n\000d\000e\000k\000s\000\040\000k\000l\000a\000s}{}% 4
\BOOKMARK [1][-]{section.3.1}{\376\377\000L\000i\000s\000t\000a\000\040\000k\000l\000a\000s}{chapter.3}% 5
\BOOKMARK [0][-]{chapter.4}{\376\377\000I\000n\000d\000e\000k\000s\000\040\000p\000l\000i\000k\000\363\000w}{}% 6
\BOOKMARK [1][-]{section.4.1}{\376\377\000L\000i\000s\000t\000a\000\040\000p\000l\000i\000k\000\363\000w}{chapter.4}% 7
\BOOKMARK [0][-]{chapter.5}{\376\377\000D\000o\000k\000u\000m\000e\000n\000t\000a\000c\000j\000a\000\040\000k\000l\000a\000s}{}% 8
\BOOKMARK [1][-]{section.5.1}{\376\377\000D\000o\000k\000u\000m\000e\000n\000t\000a\000c\000j\000a\000\040\000k\000l\000a\000s\000y\000\040\000B\000e\000n\000c\000h\000m\000a\000r\000k}{chapter.5}% 9
\BOOKMARK [2][-]{subsection.5.1.1}{\376\377\000O\000p\000i\000s\000\040\000s\000z\000c\000z\000e\000g\000\363\001\102\000o\000w\000y}{section.5.1}% 10
\BOOKMARK [2][-]{subsection.5.1.2}{\376\377\000D\000o\000k\000u\000m\000e\000n\000t\000a\000c\000j\000a\000\040\000k\000o\000n\000s\000t\000r\000u\000k\000t\000o\000r\000a\000\040\000i\000\040\000d\000e\000s\000t\000r\000u\000k\000t\000o\000r\000a}{section.5.1}% 11
\BOOKMARK [3][-]{subsubsection.5.1.2.1}{\376\377\000B\000e\000n\000c\000h\000m\000a\000r\000k}{subsection.5.1.2}% 12
\BOOKMARK [3][-]{subsubsection.5.1.2.2}{\376\377\000B\000e\000n\000c\000h\000m\000a\000r\000k}{subsection.5.1.2}% 13
\BOOKMARK [3][-]{subsubsection.5.1.2.3}{\376\377\000B\000e\000n\000c\000h\000m\000a\000r\000k}{subsection.5.1.2}% 14
\BOOKMARK [2][-]{subsection.5.1.3}{\376\377\000D\000o\000k\000u\000m\000e\000n\000t\000a\000c\000j\000a\000\040\000f\000u\000n\000k\000c\000j\000i\000\040\000s\000k\001\102\000a\000d\000o\000w\000y\000c\000h}{section.5.1}% 15
\BOOKMARK [3][-]{subsubsection.5.1.3.1}{\376\377\000r\000u\000n\000A\000l\000g\000o\000r\000i\000t\000h\000m}{subsection.5.1.3}% 16
\BOOKMARK [3][-]{subsubsection.5.1.3.2}{\376\377\000t\000e\000s\000t\000A\000l\000g\000o\000r\000i\000t\000h\000m}{subsection.5.1.3}% 17
\BOOKMARK [2][-]{subsection.5.1.4}{\376\377\000D\000o\000k\000u\000m\000e\000n\000t\000a\000c\000j\000a\000\040\000a\000t\000r\000y\000b\000u\000t\000\363\000w\000\040\000s\000k\001\102\000a\000d\000o\000w\000y\000c\000h}{section.5.1}% 18
\BOOKMARK [3][-]{subsubsection.5.1.4.1}{\376\377\000r\000e\000p\000e\000a\000t\000s}{subsection.5.1.4}% 19
\BOOKMARK [1][-]{section.5.2}{\376\377\000D\000o\000k\000u\000m\000e\000n\000t\000a\000c\000j\000a\000\040\000k\000l\000a\000s\000y\000\040\000M\000n\000o\000z\000e\000n\000i\000e}{chapter.5}% 20
\BOOKMARK [2][-]{subsection.5.2.1}{\376\377\000O\000p\000i\000s\000\040\000s\000z\000c\000z\000e\000g\000\363\001\102\000o\000w\000y}{section.5.2}% 21
\BOOKMARK [2][-]{subsection.5.2.2}{\376\377\000D\000o\000k\000u\000m\000e\000n\000t\000a\000c\000j\000a\000\040\000k\000o\000n\000s\000t\000r\000u\000k\000t\000o\000r\000a\000\040\000i\000\040\000d\000e\000s\000t\000r\000u\000k\000t\000o\000r\000a}{section.5.2}% 22
\BOOKMARK [3][-]{subsubsection.5.2.2.1}{\376\377\000M\000n\000o\000z\000e\000n\000i\000e}{subsection.5.2.2}% 23
\BOOKMARK [3][-]{subsubsection.5.2.2.2}{\376\377\000M\000n\000o\000z\000e\000n\000i\000e}{subsection.5.2.2}% 24
\BOOKMARK [3][-]{subsubsection.5.2.2.3}{\376\377\000M\000n\000o\000z\000e\000n\000i\000e}{subsection.5.2.2}% 25
\BOOKMARK [2][-]{subsection.5.2.3}{\376\377\000D\000o\000k\000u\000m\000e\000n\000t\000a\000c\000j\000a\000\040\000f\000u\000n\000k\000c\000j\000i\000\040\000s\000k\001\102\000a\000d\000o\000w\000y\000c\000h}{section.5.2}% 26
\BOOKMARK [3][-]{subsubsection.5.2.3.1}{\376\377\000r\000u\000n\000A\000l\000g\000o\000r\000i\000t\000h\000m}{subsection.5.2.3}% 27
\BOOKMARK [3][-]{subsubsection.5.2.3.2}{\376\377\000t\000e\000s\000t\000A\000l\000g\000o\000r\000i\000t\000h\000m}{subsection.5.2.3}% 28
\BOOKMARK [2][-]{subsection.5.2.4}{\376\377\000D\000o\000k\000u\000m\000e\000n\000t\000a\000c\000j\000a\000\040\000a\000t\000r\000y\000b\000u\000t\000\363\000w\000\040\000s\000k\001\102\000a\000d\000o\000w\000y\000c\000h}{section.5.2}% 29
\BOOKMARK [3][-]{subsubsection.5.2.4.1}{\376\377\000t\000a\000b}{subsection.5.2.4}% 30
\BOOKMARK [0][-]{chapter.6}{\376\377\000D\000o\000k\000u\000m\000e\000n\000t\000a\000c\000j\000a\000\040\000p\000l\000i\000k\000\363\000w}{}% 31
\BOOKMARK [1][-]{section.6.1}{\376\377\000D\000o\000k\000u\000m\000e\000n\000t\000a\000c\000j\000a\000\040\000p\000l\000i\000k\000u\000\040\000a\000l\000g\000o\000r\000i\000t\000h\000m\0001\000.\000c\000p\000p}{chapter.6}% 32
\BOOKMARK [1][-]{section.6.2}{\376\377\000D\000o\000k\000u\000m\000e\000n\000t\000a\000c\000j\000a\000\040\000p\000l\000i\000k\000u\000\040\000a\000l\000g\000o\000r\000i\000t\000h\000m\0001\000.\000h\000h}{chapter.6}% 33
\BOOKMARK [1][-]{section.6.3}{\376\377\000D\000o\000k\000u\000m\000e\000n\000t\000a\000c\000j\000a\000\040\000p\000l\000i\000k\000u\000\040\000b\000e\000n\000c\000h\000m\000a\000r\000k\000.\000c\000p\000p}{chapter.6}% 34
\BOOKMARK [2][-]{subsection.6.3.1}{\376\377\000D\000o\000k\000u\000m\000e\000n\000t\000a\000c\000j\000a\000\040\000d\000e\000f\000i\000n\000i\000c\000j\000i}{section.6.3}% 35
\BOOKMARK [3][-]{subsubsection.6.3.1.1}{\376\377\000L\000E\000N\000G\000T\000H}{subsection.6.3.1}% 36
\BOOKMARK [1][-]{section.6.4}{\376\377\000D\000o\000k\000u\000m\000e\000n\000t\000a\000c\000j\000a\000\040\000p\000l\000i\000k\000u\000\040\000b\000e\000n\000c\000h\000m\000a\000r\000k\000.\000h\000h}{chapter.6}% 37
\BOOKMARK [2][-]{subsection.6.4.1}{\376\377\000D\000o\000k\000u\000m\000e\000n\000t\000a\000c\000j\000a\000\040\000d\000e\000f\000i\000n\000i\000c\000j\000i}{section.6.4}% 38
\BOOKMARK [3][-]{subsubsection.6.4.1.1}{\376\377\000S\000I\000Z\000E}{subsection.6.4.1}% 39
\BOOKMARK [1][-]{section.6.5}{\376\377\000D\000o\000k\000u\000m\000e\000n\000t\000a\000c\000j\000a\000\040\000p\000l\000i\000k\000u\000\040\000g\000e\000n\000e\000r\000a\000t\000e\000.\000c\000p\000p}{chapter.6}% 40
\BOOKMARK [2][-]{subsection.6.5.1}{\376\377\000D\000o\000k\000u\000m\000e\000n\000t\000a\000c\000j\000a\000\040\000d\000e\000f\000i\000n\000i\000c\000j\000i}{section.6.5}% 41
\BOOKMARK [3][-]{subsubsection.6.5.1.1}{\376\377\000S\000I\000Z\000E}{subsection.6.5.1}% 42
\BOOKMARK [2][-]{subsection.6.5.2}{\376\377\000D\000o\000k\000u\000m\000e\000n\000t\000a\000c\000j\000a\000\040\000f\000u\000n\000k\000c\000j\000i}{section.6.5}% 43
\BOOKMARK [3][-]{subsubsection.6.5.2.1}{\376\377\000m\000a\000i\000n}{subsection.6.5.2}% 44
\BOOKMARK [1][-]{section.6.6}{\376\377\000D\000o\000k\000u\000m\000e\000n\000t\000a\000c\000j\000a\000\040\000p\000l\000i\000k\000u\000\040\000m\000a\000i\000n\000.\000c\000p\000p}{chapter.6}% 45
\BOOKMARK [2][-]{subsection.6.6.1}{\376\377\000D\000o\000k\000u\000m\000e\000n\000t\000a\000c\000j\000a\000\040\000f\000u\000n\000k\000c\000j\000i}{section.6.6}% 46
\BOOKMARK [3][-]{subsubsection.6.6.1.1}{\376\377\000m\000a\000i\000n}{subsection.6.6.1}% 47
\BOOKMARK [1][-]{section.6.7}{\376\377\000D\000o\000k\000u\000m\000e\000n\000t\000a\000c\000j\000a\000\040\000p\000l\000i\000k\000u\000\040\000s\000t\000r\000o\000n\000a\000-\000g\000l\000o\000w\000n\000a\000.\000d\000o\000x}{chapter.6}% 48
\BOOKMARK [0][-]{section*.13}{\376\377\000I\000n\000d\000e\000k\000s}{}% 49
