This is pdfTeX, Version 3.1415926-2.5-1.40.14 (TeX Live 2013/Debian) (format=pdflatex 2015.4.15)  16 APR 2015 04:49
entering extended mode
 restricted \write18 enabled.
 %&-line parsing enabled.
**refman
(./refman.tex
LaTeX2e <2011/06/27>
Babel <3.9h> and hyphenation patterns for 2 languages loaded.
(/usr/share/texlive/texmf-dist/tex/latex/base/book.cls
Document Class: book 2007/10/19 v1.4h Standard LaTeX document class
(/usr/share/texlive/texmf-dist/tex/latex/base/bk10.clo
File: bk10.clo 2007/10/19 v1.4h Standard LaTeX file (size option)
)
\c@part=\count79
\c@chapter=\count80
\c@section=\count81
\c@subsection=\count82
\c@subsubsection=\count83
\c@paragraph=\count84
\c@subparagraph=\count85
\c@figure=\count86
\c@table=\count87
\abovecaptionskip=\skip41
\belowcaptionskip=\skip42
\bibindent=\dimen102
)
(/usr/share/texlive/texmf-dist/tex/latex/base/fixltx2e.sty
Package: fixltx2e 2006/09/13 v1.1m fixes to LaTeX
LaTeX Info: Redefining \em on input line 420.
)
(/usr/share/texlive/texmf-dist/tex/latex/tools/calc.sty
Package: calc 2007/08/22 v4.3 Infix arithmetic (KKT,FJ)
\calc@Acount=\count88
\calc@Bcount=\count89
\calc@Adimen=\dimen103
\calc@Bdimen=\dimen104
\calc@Askip=\skip43
\calc@Bskip=\skip44
LaTeX Info: Redefining \setlength on input line 76.
LaTeX Info: Redefining \addtolength on input line 77.
\calc@Ccount=\count90
\calc@Cskip=\skip45
) (./doxygen.sty
Package: doxygen 

(/usr/share/texlive/texmf-dist/tex/latex/base/alltt.sty
Package: alltt 1997/06/16 v2.0g defines alltt environment
)
(/usr/share/texlive/texmf-dist/tex/latex/tools/array.sty
Package: array 2008/09/09 v2.4c Tabular extension package (FMi)
\col@sep=\dimen105
\extrarowheight=\dimen106
\NC@list=\toks14
\extratabsurround=\skip46
\backup@length=\skip47
)
(/usr/share/texlive/texmf-dist/tex/latex/float/float.sty
Package: float 2001/11/08 v1.3d Float enhancements (AL)
\c@float@type=\count91
\float@exts=\toks15
\float@box=\box26
\@float@everytoks=\toks16
\@floatcapt=\box27
)
(/usr/share/texlive/texmf-dist/tex/latex/base/ifthen.sty
Package: ifthen 2001/05/26 v1.1c Standard LaTeX ifthen package (DPC)
)
(/usr/share/texlive/texmf-dist/tex/latex/tools/verbatim.sty
Package: verbatim 2003/08/22 v1.5q LaTeX2e package for verbatim enhancements
\every@verbatim=\toks17
\verbatim@line=\toks18
\verbatim@in@stream=\read1
)
(/usr/share/texmf/tex/latex/xcolor/xcolor.sty
Package: xcolor 2007/01/21 v2.11 LaTeX color extensions (UK)

(/usr/share/texlive/texmf-dist/tex/latex/latexconfig/color.cfg
File: color.cfg 2007/01/18 v1.5 color configuration of teTeX/TeXLive
)
Package xcolor Info: Driver file: pdftex.def on input line 225.

(/usr/share/texlive/texmf-dist/tex/latex/pdftex-def/pdftex.def
File: pdftex.def 2011/05/27 v0.06d Graphics/color for pdfTeX

(/usr/share/texlive/texmf-dist/tex/generic/oberdiek/infwarerr.sty
Package: infwarerr 2010/04/08 v1.3 Providing info/warning/error messages (HO)
)
(/usr/share/texlive/texmf-dist/tex/generic/oberdiek/ltxcmds.sty
Package: ltxcmds 2011/11/09 v1.22 LaTeX kernel commands for general use (HO)
)
\Gread@gobject=\count92
)
(/usr/share/texlive/texmf-dist/tex/latex/colortbl/colortbl.sty
Package: colortbl 2012/02/13 v1.0a Color table columns (DPC)
\everycr=\toks19
\minrowclearance=\skip48
)
\rownum=\count93
Package xcolor Info: Model `cmy' substituted by `cmy0' on input line 1337.
Package xcolor Info: Model `hsb' substituted by `rgb' on input line 1341.
Package xcolor Info: Model `RGB' extended on input line 1353.
Package xcolor Info: Model `HTML' substituted by `rgb' on input line 1355.
Package xcolor Info: Model `Hsb' substituted by `hsb' on input line 1356.
Package xcolor Info: Model `tHsb' substituted by `hsb' on input line 1357.
Package xcolor Info: Model `HSB' substituted by `hsb' on input line 1358.
Package xcolor Info: Model `Gray' substituted by `gray' on input line 1359.
Package xcolor Info: Model `wave' substituted by `hsb' on input line 1360.
)
(/usr/share/texlive/texmf-dist/tex/latex/xtab/xtab.sty
Package: xtab 2011/07/31 v2.3f Extended supertabular package
\c@tracingst=\count94
\PWSTcapht=\dimen107
\ST@wd=\dimen108
\ST@rightskip=\skip49
\ST@leftskip=\skip50
\ST@parfillskip=\skip51
\c@PWSTtable=\count95
\PWSTlastpage=\count96
\PWSTpenultimate=\count97
\PWSTcurpage=\count98
\PWSTtempc=\count99
\PWSTlines=\count100
\PWST@lastht=\dimen109
\PWST@generalht=\dimen110
\PWST@ht=\dimen111
\ST@pageleft=\dimen112
\ST@headht=\dimen113
\ST@tailht=\dimen114
\ST@pagesofar=\dimen115
\ST@pboxht=\dimen116
\ST@lineht=\dimen117
\ST@stretchht=\dimen118
\ST@prevht=\dimen119
\ST@toadd=\dimen120
\ST@dimen=\dimen121
\ST@pbox=\box28
)
\xrefbox=\box29
\xreflength=\skip52
\tmplength=\skip53
)
(/usr/share/texlive/texmf-dist/tex/latex/adjustbox/adjustbox.sty
Package: adjustbox 2012/05/21 v1.0 Adjusting TeX boxes (trim, clip, ...)

(/usr/share/texlive/texmf-dist/tex/latex/xkeyval/xkeyval.sty
Package: xkeyval 2012/10/14 v2.6b package option processing (HA)

(/usr/share/texlive/texmf-dist/tex/generic/xkeyval/xkeyval.tex
\XKV@toks=\toks20
\XKV@tempa@toks=\toks21
\XKV@depth=\count101
File: xkeyval.tex 2012/10/14 v2.6b key=value parser (HA)

(/usr/share/texlive/texmf-dist/tex/generic/xkeyval/keyval.tex)))
(/usr/share/texlive/texmf-dist/tex/latex/adjustbox/adjcalc.sty
Package: adjcalc 2012/05/16 v1.1 Provides advanced setlength with multiple back
-ends (calc, etex, pgfmath)
)
(/usr/share/texlive/texmf-dist/tex/latex/adjustbox/trimclip.sty
Package: trimclip 2012/05/16 v1.0 Trim and clip general TeX material

(/usr/share/texlive/texmf-dist/tex/latex/graphics/graphicx.sty
Package: graphicx 1999/02/16 v1.0f Enhanced LaTeX Graphics (DPC,SPQR)

(/usr/share/texlive/texmf-dist/tex/latex/graphics/graphics.sty
Package: graphics 2009/02/05 v1.0o Standard LaTeX Graphics (DPC,SPQR)

(/usr/share/texlive/texmf-dist/tex/latex/graphics/trig.sty
Package: trig 1999/03/16 v1.09 sin cos tan (DPC)
)
(/usr/share/texlive/texmf-dist/tex/latex/latexconfig/graphics.cfg
File: graphics.cfg 2010/04/23 v1.9 graphics configuration of TeX Live
)
Package graphics Info: Driver file: pdftex.def on input line 91.
)
\Gin@req@height=\dimen122
\Gin@req@width=\dimen123
)
(/usr/share/texlive/texmf-dist/tex/latex/collectbox/collectbox.sty
Package: collectbox 2012/05/17 v0.4b Collect macro arguments as boxes
\collectedbox=\box30
)
\tc@llx=\dimen124
\tc@lly=\dimen125
\tc@urx=\dimen126
\tc@ury=\dimen127
Package trimclip Info: Using driver 'tc-pdftex.def'.

(/usr/share/texlive/texmf-dist/tex/latex/adjustbox/tc-pdftex.def
File: tc-pdftex.def 2012/05/13 v1.0 Clipping driver for pdftex
))
\adjbox@Width=\dimen128
\adjbox@Height=\dimen129
\adjbox@Depth=\dimen130
\adjbox@Totalheight=\dimen131

(/usr/share/texlive/texmf-dist/tex/latex/ifoddpage/ifoddpage.sty
Package: ifoddpage 2011/09/13 v1.0 Conditionals for odd/even page detection
\c@checkoddpage=\count102
)
(/usr/share/texlive/texmf-dist/tex/latex/varwidth/varwidth.sty
Package: varwidth 2009/03/30 ver 0.92;  Variable-width minipages
\@vwid@box=\box31
\sift@deathcycles=\count103
\@vwid@loff=\dimen132
\@vwid@roff=\dimen133
))
(/usr/share/texlive/texmf-dist/tex/latex/base/inputenc.sty
Package: inputenc 2008/03/30 v1.1d Input encoding file
\inpenc@prehook=\toks22
\inpenc@posthook=\toks23

(/usr/share/texlive/texmf-dist/tex/latex/base/utf8.def
File: utf8.def 2008/04/05 v1.1m UTF-8 support for inputenc
Now handling font encoding OML ...
... no UTF-8 mapping file for font encoding OML
Now handling font encoding T1 ...
... processing UTF-8 mapping file for font encoding T1

(/usr/share/texlive/texmf-dist/tex/latex/base/t1enc.dfu
File: t1enc.dfu 2008/04/05 v1.1m UTF-8 support for inputenc
   defining Unicode char U+00A1 (decimal 161)
   defining Unicode char U+00A3 (decimal 163)
   defining Unicode char U+00AB (decimal 171)
   defining Unicode char U+00BB (decimal 187)
   defining Unicode char U+00BF (decimal 191)
   defining Unicode char U+00C0 (decimal 192)
   defining Unicode char U+00C1 (decimal 193)
   defining Unicode char U+00C2 (decimal 194)
   defining Unicode char U+00C3 (decimal 195)
   defining Unicode char U+00C4 (decimal 196)
   defining Unicode char U+00C5 (decimal 197)
   defining Unicode char U+00C6 (decimal 198)
   defining Unicode char U+00C7 (decimal 199)
   defining Unicode char U+00C8 (decimal 200)
   defining Unicode char U+00C9 (decimal 201)
   defining Unicode char U+00CA (decimal 202)
   defining Unicode char U+00CB (decimal 203)
   defining Unicode char U+00CC (decimal 204)
   defining Unicode char U+00CD (decimal 205)
   defining Unicode char U+00CE (decimal 206)
   defining Unicode char U+00CF (decimal 207)
   defining Unicode char U+00D0 (decimal 208)
   defining Unicode char U+00D1 (decimal 209)
   defining Unicode char U+00D2 (decimal 210)
   defining Unicode char U+00D3 (decimal 211)
   defining Unicode char U+00D4 (decimal 212)
   defining Unicode char U+00D5 (decimal 213)
   defining Unicode char U+00D6 (decimal 214)
   defining Unicode char U+00D8 (decimal 216)
   defining Unicode char U+00D9 (decimal 217)
   defining Unicode char U+00DA (decimal 218)
   defining Unicode char U+00DB (decimal 219)
   defining Unicode char U+00DC (decimal 220)
   defining Unicode char U+00DD (decimal 221)
   defining Unicode char U+00DE (decimal 222)
   defining Unicode char U+00DF (decimal 223)
   defining Unicode char U+00E0 (decimal 224)
   defining Unicode char U+00E1 (decimal 225)
   defining Unicode char U+00E2 (decimal 226)
   defining Unicode char U+00E3 (decimal 227)
   defining Unicode char U+00E4 (decimal 228)
   defining Unicode char U+00E5 (decimal 229)
   defining Unicode char U+00E6 (decimal 230)
   defining Unicode char U+00E7 (decimal 231)
   defining Unicode char U+00E8 (decimal 232)
   defining Unicode char U+00E9 (decimal 233)
   defining Unicode char U+00EA (decimal 234)
   defining Unicode char U+00EB (decimal 235)
   defining Unicode char U+00EC (decimal 236)
   defining Unicode char U+00ED (decimal 237)
   defining Unicode char U+00EE (decimal 238)
   defining Unicode char U+00EF (decimal 239)
   defining Unicode char U+00F0 (decimal 240)
   defining Unicode char U+00F1 (decimal 241)
   defining Unicode char U+00F2 (decimal 242)
   defining Unicode char U+00F3 (decimal 243)
   defining Unicode char U+00F4 (decimal 244)
   defining Unicode char U+00F5 (decimal 245)
   defining Unicode char U+00F6 (decimal 246)
   defining Unicode char U+00F8 (decimal 248)
   defining Unicode char U+00F9 (decimal 249)
   defining Unicode char U+00FA (decimal 250)
   defining Unicode char U+00FB (decimal 251)
   defining Unicode char U+00FC (decimal 252)
   defining Unicode char U+00FD (decimal 253)
   defining Unicode char U+00FE (decimal 254)
   defining Unicode char U+00FF (decimal 255)
   defining Unicode char U+0102 (decimal 258)
   defining Unicode char U+0103 (decimal 259)
   defining Unicode char U+0104 (decimal 260)
   defining Unicode char U+0105 (decimal 261)
   defining Unicode char U+0106 (decimal 262)
   defining Unicode char U+0107 (decimal 263)
   defining Unicode char U+010C (decimal 268)
   defining Unicode char U+010D (decimal 269)
   defining Unicode char U+010E (decimal 270)
   defining Unicode char U+010F (decimal 271)
   defining Unicode char U+0110 (decimal 272)
   defining Unicode char U+0111 (decimal 273)
   defining Unicode char U+0118 (decimal 280)
   defining Unicode char U+0119 (decimal 281)
   defining Unicode char U+011A (decimal 282)
   defining Unicode char U+011B (decimal 283)
   defining Unicode char U+011E (decimal 286)
   defining Unicode char U+011F (decimal 287)
   defining Unicode char U+0130 (decimal 304)
   defining Unicode char U+0131 (decimal 305)
   defining Unicode char U+0132 (decimal 306)
   defining Unicode char U+0133 (decimal 307)
   defining Unicode char U+0139 (decimal 313)
   defining Unicode char U+013A (decimal 314)
   defining Unicode char U+013D (decimal 317)
   defining Unicode char U+013E (decimal 318)
   defining Unicode char U+0141 (decimal 321)
   defining Unicode char U+0142 (decimal 322)
   defining Unicode char U+0143 (decimal 323)
   defining Unicode char U+0144 (decimal 324)
   defining Unicode char U+0147 (decimal 327)
   defining Unicode char U+0148 (decimal 328)
   defining Unicode char U+014A (decimal 330)
   defining Unicode char U+014B (decimal 331)
   defining Unicode char U+0150 (decimal 336)
   defining Unicode char U+0151 (decimal 337)
   defining Unicode char U+0152 (decimal 338)
   defining Unicode char U+0153 (decimal 339)
   defining Unicode char U+0154 (decimal 340)
   defining Unicode char U+0155 (decimal 341)
   defining Unicode char U+0158 (decimal 344)
   defining Unicode char U+0159 (decimal 345)
   defining Unicode char U+015A (decimal 346)
   defining Unicode char U+015B (decimal 347)
   defining Unicode char U+015E (decimal 350)
   defining Unicode char U+015F (decimal 351)
   defining Unicode char U+0160 (decimal 352)
   defining Unicode char U+0161 (decimal 353)
   defining Unicode char U+0162 (decimal 354)
   defining Unicode char U+0163 (decimal 355)
   defining Unicode char U+0164 (decimal 356)
   defining Unicode char U+0165 (decimal 357)
   defining Unicode char U+016E (decimal 366)
   defining Unicode char U+016F (decimal 367)
   defining Unicode char U+0170 (decimal 368)
   defining Unicode char U+0171 (decimal 369)
   defining Unicode char U+0178 (decimal 376)
   defining Unicode char U+0179 (decimal 377)
   defining Unicode char U+017A (decimal 378)
   defining Unicode char U+017B (decimal 379)
   defining Unicode char U+017C (decimal 380)
   defining Unicode char U+017D (decimal 381)
   defining Unicode char U+017E (decimal 382)
   defining Unicode char U+200C (decimal 8204)
   defining Unicode char U+2013 (decimal 8211)
   defining Unicode char U+2014 (decimal 8212)
   defining Unicode char U+2018 (decimal 8216)
   defining Unicode char U+2019 (decimal 8217)
   defining Unicode char U+201A (decimal 8218)
   defining Unicode char U+201C (decimal 8220)
   defining Unicode char U+201D (decimal 8221)
   defining Unicode char U+201E (decimal 8222)
   defining Unicode char U+2030 (decimal 8240)
   defining Unicode char U+2031 (decimal 8241)
   defining Unicode char U+2039 (decimal 8249)
   defining Unicode char U+203A (decimal 8250)
   defining Unicode char U+2423 (decimal 9251)
)
Now handling font encoding OT1 ...
... processing UTF-8 mapping file for font encoding OT1

(/usr/share/texlive/texmf-dist/tex/latex/base/ot1enc.dfu
File: ot1enc.dfu 2008/04/05 v1.1m UTF-8 support for inputenc
   defining Unicode char U+00A1 (decimal 161)
   defining Unicode char U+00A3 (decimal 163)
   defining Unicode char U+00B8 (decimal 184)
   defining Unicode char U+00BF (decimal 191)
   defining Unicode char U+00C5 (decimal 197)
   defining Unicode char U+00C6 (decimal 198)
   defining Unicode char U+00D8 (decimal 216)
   defining Unicode char U+00DF (decimal 223)
   defining Unicode char U+00E6 (decimal 230)
   defining Unicode char U+00EC (decimal 236)
   defining Unicode char U+00ED (decimal 237)
   defining Unicode char U+00EE (decimal 238)
   defining Unicode char U+00EF (decimal 239)
   defining Unicode char U+00F8 (decimal 248)
   defining Unicode char U+0131 (decimal 305)
   defining Unicode char U+0141 (decimal 321)
   defining Unicode char U+0142 (decimal 322)
   defining Unicode char U+0152 (decimal 338)
   defining Unicode char U+0153 (decimal 339)
   defining Unicode char U+2013 (decimal 8211)
   defining Unicode char U+2014 (decimal 8212)
   defining Unicode char U+2018 (decimal 8216)
   defining Unicode char U+2019 (decimal 8217)
   defining Unicode char U+201C (decimal 8220)
   defining Unicode char U+201D (decimal 8221)
)
Now handling font encoding OMS ...
... processing UTF-8 mapping file for font encoding OMS

(/usr/share/texlive/texmf-dist/tex/latex/base/omsenc.dfu
File: omsenc.dfu 2008/04/05 v1.1m UTF-8 support for inputenc
   defining Unicode char U+00A7 (decimal 167)
   defining Unicode char U+00B6 (decimal 182)
   defining Unicode char U+00B7 (decimal 183)
   defining Unicode char U+2020 (decimal 8224)
   defining Unicode char U+2021 (decimal 8225)
   defining Unicode char U+2022 (decimal 8226)
)
Now handling font encoding OMX ...
... no UTF-8 mapping file for font encoding OMX
Now handling font encoding U ...
... no UTF-8 mapping file for font encoding U
   defining Unicode char U+00A9 (decimal 169)
   defining Unicode char U+00AA (decimal 170)
   defining Unicode char U+00AE (decimal 174)
   defining Unicode char U+00BA (decimal 186)
   defining Unicode char U+02C6 (decimal 710)
   defining Unicode char U+02DC (decimal 732)
   defining Unicode char U+200C (decimal 8204)
   defining Unicode char U+2026 (decimal 8230)
   defining Unicode char U+2122 (decimal 8482)
   defining Unicode char U+2423 (decimal 9251)
))
(/usr/share/texlive/texmf-dist/tex/latex/base/makeidx.sty
Package: makeidx 2000/03/29 v1.0m Standard LaTeX package
)
(/usr/share/texlive/texmf-dist/tex/latex/tools/multicol.sty
Package: multicol 2011/06/27 v1.7a multicolumn formatting (FMi)
\c@tracingmulticols=\count104
\mult@box=\box32
\multicol@leftmargin=\dimen134
\c@unbalance=\count105
\c@collectmore=\count106
\doublecol@number=\count107
\multicoltolerance=\count108
\multicolpretolerance=\count109
\full@width=\dimen135
\page@free=\dimen136
\premulticols=\dimen137
\postmulticols=\dimen138
\multicolsep=\skip54
\multicolbaselineskip=\skip55
\partial@page=\box33
\last@line=\box34
\mult@rightbox=\box35
\mult@grightbox=\box36
\mult@gfirstbox=\box37
\mult@firstbox=\box38
\@tempa=\box39
\@tempa=\box40
\@tempa=\box41
\@tempa=\box42
\@tempa=\box43
\@tempa=\box44
\@tempa=\box45
\@tempa=\box46
\@tempa=\box47
\@tempa=\box48
\@tempa=\box49
\@tempa=\box50
\@tempa=\box51
\@tempa=\box52
\@tempa=\box53
\@tempa=\box54
\@tempa=\box55
\c@columnbadness=\count110
\c@finalcolumnbadness=\count111
\last@try=\dimen139
\multicolovershoot=\dimen140
\multicolundershoot=\dimen141
\mult@nat@firstbox=\box56
\colbreak@box=\box57
\multicol@sort@counter=\count112
)
(/usr/share/texlive/texmf-dist/tex/latex/multirow/multirow.sty
\bigstrutjot=\dimen142
)
(/usr/share/texlive/texmf-dist/tex/latex/base/textcomp.sty
Package: textcomp 2005/09/27 v1.99g Standard LaTeX package
Package textcomp Info: Sub-encoding information:
(textcomp)               5 = only ISO-Adobe without \textcurrency
(textcomp)               4 = 5 + \texteuro
(textcomp)               3 = 4 + \textohm
(textcomp)               2 = 3 + \textestimated + \textcurrency
(textcomp)               1 = TS1 - \textcircled - \t
(textcomp)               0 = TS1 (full)
(textcomp)             Font families with sub-encoding setting implement
(textcomp)             only a restricted character set as indicated.
(textcomp)             Family '?' is the default used for unknown fonts.
(textcomp)             See the documentation for details.
Package textcomp Info: Setting ? sub-encoding to TS1/1 on input line 71.

(/usr/share/texlive/texmf-dist/tex/latex/base/ts1enc.def
File: ts1enc.def 2001/06/05 v3.0e (jk/car/fm) Standard LaTeX file
Now handling font encoding TS1 ...
... processing UTF-8 mapping file for font encoding TS1

(/usr/share/texlive/texmf-dist/tex/latex/base/ts1enc.dfu
File: ts1enc.dfu 2008/04/05 v1.1m UTF-8 support for inputenc
   defining Unicode char U+00A2 (decimal 162)
   defining Unicode char U+00A3 (decimal 163)
   defining Unicode char U+00A4 (decimal 164)
   defining Unicode char U+00A5 (decimal 165)
   defining Unicode char U+00A6 (decimal 166)
   defining Unicode char U+00A7 (decimal 167)
   defining Unicode char U+00A8 (decimal 168)
   defining Unicode char U+00A9 (decimal 169)
   defining Unicode char U+00AA (decimal 170)
   defining Unicode char U+00AC (decimal 172)
   defining Unicode char U+00AE (decimal 174)
   defining Unicode char U+00AF (decimal 175)
   defining Unicode char U+00B0 (decimal 176)
   defining Unicode char U+00B1 (decimal 177)
   defining Unicode char U+00B2 (decimal 178)
   defining Unicode char U+00B3 (decimal 179)
   defining Unicode char U+00B4 (decimal 180)
   defining Unicode char U+00B5 (decimal 181)
   defining Unicode char U+00B6 (decimal 182)
   defining Unicode char U+00B7 (decimal 183)
   defining Unicode char U+00B9 (decimal 185)
   defining Unicode char U+00BA (decimal 186)
   defining Unicode char U+00BC (decimal 188)
   defining Unicode char U+00BD (decimal 189)
   defining Unicode char U+00BE (decimal 190)
   defining Unicode char U+00D7 (decimal 215)
   defining Unicode char U+00F7 (decimal 247)
   defining Unicode char U+0192 (decimal 402)
   defining Unicode char U+02C7 (decimal 711)
   defining Unicode char U+02D8 (decimal 728)
   defining Unicode char U+02DD (decimal 733)
   defining Unicode char U+0E3F (decimal 3647)
   defining Unicode char U+2016 (decimal 8214)
   defining Unicode char U+2020 (decimal 8224)
   defining Unicode char U+2021 (decimal 8225)
   defining Unicode char U+2022 (decimal 8226)
   defining Unicode char U+2030 (decimal 8240)
   defining Unicode char U+2031 (decimal 8241)
   defining Unicode char U+203B (decimal 8251)
   defining Unicode char U+203D (decimal 8253)
   defining Unicode char U+2044 (decimal 8260)
   defining Unicode char U+204E (decimal 8270)
   defining Unicode char U+2052 (decimal 8274)
   defining Unicode char U+20A1 (decimal 8353)
   defining Unicode char U+20A4 (decimal 8356)
   defining Unicode char U+20A6 (decimal 8358)
   defining Unicode char U+20A9 (decimal 8361)
   defining Unicode char U+20AB (decimal 8363)
   defining Unicode char U+20AC (decimal 8364)
   defining Unicode char U+20B1 (decimal 8369)
   defining Unicode char U+2103 (decimal 8451)
   defining Unicode char U+2116 (decimal 8470)
   defining Unicode char U+2117 (decimal 8471)
   defining Unicode char U+211E (decimal 8478)
   defining Unicode char U+2120 (decimal 8480)
   defining Unicode char U+2122 (decimal 8482)
   defining Unicode char U+2126 (decimal 8486)
   defining Unicode char U+2127 (decimal 8487)
   defining Unicode char U+212E (decimal 8494)
   defining Unicode char U+2190 (decimal 8592)
   defining Unicode char U+2191 (decimal 8593)
   defining Unicode char U+2192 (decimal 8594)
   defining Unicode char U+2193 (decimal 8595)
   defining Unicode char U+2329 (decimal 9001)
   defining Unicode char U+232A (decimal 9002)
   defining Unicode char U+2422 (decimal 9250)
   defining Unicode char U+25E6 (decimal 9702)
   defining Unicode char U+25EF (decimal 9711)
   defining Unicode char U+266A (decimal 9834)
))
LaTeX Info: Redefining \oldstylenums on input line 266.
Package textcomp Info: Setting cmr sub-encoding to TS1/0 on input line 281.
Package textcomp Info: Setting cmss sub-encoding to TS1/0 on input line 282.
Package textcomp Info: Setting cmtt sub-encoding to TS1/0 on input line 283.
Package textcomp Info: Setting cmvtt sub-encoding to TS1/0 on input line 284.
Package textcomp Info: Setting cmbr sub-encoding to TS1/0 on input line 285.
Package textcomp Info: Setting cmtl sub-encoding to TS1/0 on input line 286.
Package textcomp Info: Setting ccr sub-encoding to TS1/0 on input line 287.
Package textcomp Info: Setting ptm sub-encoding to TS1/4 on input line 288.
Package textcomp Info: Setting pcr sub-encoding to TS1/4 on input line 289.
Package textcomp Info: Setting phv sub-encoding to TS1/4 on input line 290.
Package textcomp Info: Setting ppl sub-encoding to TS1/3 on input line 291.
Package textcomp Info: Setting pag sub-encoding to TS1/4 on input line 292.
Package textcomp Info: Setting pbk sub-encoding to TS1/4 on input line 293.
Package textcomp Info: Setting pnc sub-encoding to TS1/4 on input line 294.
Package textcomp Info: Setting pzc sub-encoding to TS1/4 on input line 295.
Package textcomp Info: Setting bch sub-encoding to TS1/4 on input line 296.
Package textcomp Info: Setting put sub-encoding to TS1/5 on input line 297.
Package textcomp Info: Setting uag sub-encoding to TS1/5 on input line 298.
Package textcomp Info: Setting ugq sub-encoding to TS1/5 on input line 299.
Package textcomp Info: Setting ul8 sub-encoding to TS1/4 on input line 300.
Package textcomp Info: Setting ul9 sub-encoding to TS1/4 on input line 301.
Package textcomp Info: Setting augie sub-encoding to TS1/5 on input line 302.
Package textcomp Info: Setting dayrom sub-encoding to TS1/3 on input line 303.
Package textcomp Info: Setting dayroms sub-encoding to TS1/3 on input line 304.

Package textcomp Info: Setting pxr sub-encoding to TS1/0 on input line 305.
Package textcomp Info: Setting pxss sub-encoding to TS1/0 on input line 306.
Package textcomp Info: Setting pxtt sub-encoding to TS1/0 on input line 307.
Package textcomp Info: Setting txr sub-encoding to TS1/0 on input line 308.
Package textcomp Info: Setting txss sub-encoding to TS1/0 on input line 309.
Package textcomp Info: Setting txtt sub-encoding to TS1/0 on input line 310.
Package textcomp Info: Setting lmr sub-encoding to TS1/0 on input line 311.
Package textcomp Info: Setting lmdh sub-encoding to TS1/0 on input line 312.
Package textcomp Info: Setting lmss sub-encoding to TS1/0 on input line 313.
Package textcomp Info: Setting lmssq sub-encoding to TS1/0 on input line 314.
Package textcomp Info: Setting lmvtt sub-encoding to TS1/0 on input line 315.
Package textcomp Info: Setting qhv sub-encoding to TS1/0 on input line 316.
Package textcomp Info: Setting qag sub-encoding to TS1/0 on input line 317.
Package textcomp Info: Setting qbk sub-encoding to TS1/0 on input line 318.
Package textcomp Info: Setting qcr sub-encoding to TS1/0 on input line 319.
Package textcomp Info: Setting qcs sub-encoding to TS1/0 on input line 320.
Package textcomp Info: Setting qpl sub-encoding to TS1/0 on input line 321.
Package textcomp Info: Setting qtm sub-encoding to TS1/0 on input line 322.
Package textcomp Info: Setting qzc sub-encoding to TS1/0 on input line 323.
Package textcomp Info: Setting qhvc sub-encoding to TS1/0 on input line 324.
Package textcomp Info: Setting futs sub-encoding to TS1/4 on input line 325.
Package textcomp Info: Setting futx sub-encoding to TS1/4 on input line 326.
Package textcomp Info: Setting futj sub-encoding to TS1/4 on input line 327.
Package textcomp Info: Setting hlh sub-encoding to TS1/3 on input line 328.
Package textcomp Info: Setting hls sub-encoding to TS1/3 on input line 329.
Package textcomp Info: Setting hlst sub-encoding to TS1/3 on input line 330.
Package textcomp Info: Setting hlct sub-encoding to TS1/5 on input line 331.
Package textcomp Info: Setting hlx sub-encoding to TS1/5 on input line 332.
Package textcomp Info: Setting hlce sub-encoding to TS1/5 on input line 333.
Package textcomp Info: Setting hlcn sub-encoding to TS1/5 on input line 334.
Package textcomp Info: Setting hlcw sub-encoding to TS1/5 on input line 335.
Package textcomp Info: Setting hlcf sub-encoding to TS1/5 on input line 336.
Package textcomp Info: Setting pplx sub-encoding to TS1/3 on input line 337.
Package textcomp Info: Setting pplj sub-encoding to TS1/3 on input line 338.
Package textcomp Info: Setting ptmx sub-encoding to TS1/4 on input line 339.
Package textcomp Info: Setting ptmj sub-encoding to TS1/4 on input line 340.
)
(/usr/share/texlive/texmf-dist/tex/latex/wasysym/wasysym.sty
Package: wasysym 2003/10/30 v2.0 Wasy-2 symbol support package
\symwasy=\mathgroup4
LaTeX Font Info:    Overwriting symbol font `wasy' in version `bold'
(Font)                  U/wasy/m/n --> U/wasy/b/n on input line 90.
)
(/usr/share/texlive/texmf-dist/tex/latex/base/fontenc.sty
Package: fontenc 2005/09/27 v1.99g Standard LaTeX package

(/usr/share/texlive/texmf-dist/tex/latex/base/t1enc.def
File: t1enc.def 2005/09/27 v1.99g Standard LaTeX file
LaTeX Font Info:    Redeclaring font encoding T1 on input line 43.
))
(/usr/share/texlive/texmf-dist/tex/latex/psnfss/helvet.sty
Package: helvet 2005/04/12 PSNFSS-v9.2a (WaS) 
)
(/usr/share/texlive/texmf-dist/tex/latex/psnfss/courier.sty
Package: courier 2005/04/12 PSNFSS-v9.2a (WaS) 
)
(/usr/share/texlive/texmf-dist/tex/latex/amsfonts/amssymb.sty
Package: amssymb 2013/01/14 v3.01 AMS font symbols

(/usr/share/texlive/texmf-dist/tex/latex/amsfonts/amsfonts.sty
Package: amsfonts 2013/01/14 v3.01 Basic AMSFonts support
\@emptytoks=\toks24
\symAMSa=\mathgroup5
\symAMSb=\mathgroup6
LaTeX Font Info:    Overwriting math alphabet `\mathfrak' in version `bold'
(Font)                  U/euf/m/n --> U/euf/b/n on input line 106.
))
(/usr/share/texlive/texmf-dist/tex/latex/sectsty/sectsty.sty
Package: sectsty 2002/02/25 v2.0.2 Commands to change all sectional heading sty
les
)
(/usr/share/texlive/texmf-dist/tex/latex/geometry/geometry.sty
Package: geometry 2010/09/12 v5.6 Page Geometry

(/usr/share/texlive/texmf-dist/tex/generic/oberdiek/ifpdf.sty
Package: ifpdf 2011/01/30 v2.3 Provides the ifpdf switch (HO)
Package ifpdf Info: pdfTeX in PDF mode is detected.
)
(/usr/share/texlive/texmf-dist/tex/generic/oberdiek/ifvtex.sty
Package: ifvtex 2010/03/01 v1.5 Detect VTeX and its facilities (HO)
Package ifvtex Info: VTeX not detected.
)
(/usr/share/texlive/texmf-dist/tex/generic/ifxetex/ifxetex.sty
Package: ifxetex 2010/09/12 v0.6 Provides ifxetex conditional
)
\Gm@cnth=\count113
\Gm@cntv=\count114
\c@Gm@tempcnt=\count115
\Gm@bindingoffset=\dimen143
\Gm@wd@mp=\dimen144
\Gm@odd@mp=\dimen145
\Gm@even@mp=\dimen146
\Gm@layoutwidth=\dimen147
\Gm@layoutheight=\dimen148
\Gm@layouthoffset=\dimen149
\Gm@layoutvoffset=\dimen150
\Gm@dimlist=\toks25
)
(/usr/share/texlive/texmf-dist/tex/latex/fancyhdr/fancyhdr.sty
\fancy@headwidth=\skip56
\f@ncyO@elh=\skip57
\f@ncyO@erh=\skip58
\f@ncyO@olh=\skip59
\f@ncyO@orh=\skip60
\f@ncyO@elf=\skip61
\f@ncyO@erf=\skip62
\f@ncyO@olf=\skip63
\f@ncyO@orf=\skip64
)
(/usr/share/texlive/texmf-dist/tex/latex/natbib/natbib.sty
Package: natbib 2010/09/13 8.31b (PWD, AO)
\bibhang=\skip65
\bibsep=\skip66
LaTeX Info: Redefining \cite on input line 694.
\c@NAT@ctr=\count116
)
(/usr/share/texlive/texmf-dist/tex/latex/tocloft/tocloft.sty
Package: tocloft 2013/05/02 v2.3f parameterised ToC, etc., typesetting
Package tocloft Info: The document has chapter divisions on input line 44.
\cftparskip=\skip67
\cftbeforetoctitleskip=\skip68
\cftaftertoctitleskip=\skip69
\cftbeforepartskip=\skip70
\cftpartnumwidth=\skip71
\cftpartindent=\skip72
\cftbeforechapskip=\skip73
\cftchapindent=\skip74
\cftchapnumwidth=\skip75
\cftbeforesecskip=\skip76
\cftsecindent=\skip77
\cftsecnumwidth=\skip78
\cftbeforesubsecskip=\skip79
\cftsubsecindent=\skip80
\cftsubsecnumwidth=\skip81
\cftbeforesubsubsecskip=\skip82
\cftsubsubsecindent=\skip83
\cftsubsubsecnumwidth=\skip84
\cftbeforeparaskip=\skip85
\cftparaindent=\skip86
\cftparanumwidth=\skip87
\cftbeforesubparaskip=\skip88
\cftsubparaindent=\skip89
\cftsubparanumwidth=\skip90
\cftbeforeloftitleskip=\skip91
\cftafterloftitleskip=\skip92
\cftbeforefigskip=\skip93
\cftfigindent=\skip94
\cftfignumwidth=\skip95
\c@lofdepth=\count117
\c@lotdepth=\count118
\cftbeforelottitleskip=\skip96
\cftafterlottitleskip=\skip97
\cftbeforetabskip=\skip98
\cfttabindent=\skip99
\cfttabnumwidth=\skip100
)
\@indexfile=\write3
\openout3 = `refman.idx'.


Writing index file refman.idx
(/usr/share/texlive/texmf-dist/tex/latex/hyperref/hyperref.sty
Package: hyperref 2012/11/06 v6.83m Hypertext links for LaTeX

(/usr/share/texlive/texmf-dist/tex/generic/oberdiek/hobsub-hyperref.sty
Package: hobsub-hyperref 2012/05/28 v1.13 Bundle oberdiek, subset hyperref (HO)


(/usr/share/texlive/texmf-dist/tex/generic/oberdiek/hobsub-generic.sty
Package: hobsub-generic 2012/05/28 v1.13 Bundle oberdiek, subset generic (HO)
Package: hobsub 2012/05/28 v1.13 Construct package bundles (HO)
Package hobsub Info: Skipping package `infwarerr' (already loaded).
Package hobsub Info: Skipping package `ltxcmds' (already loaded).
Package: ifluatex 2010/03/01 v1.3 Provides the ifluatex switch (HO)
Package ifluatex Info: LuaTeX not detected.
Package hobsub Info: Skipping package `ifvtex' (already loaded).
Package: intcalc 2007/09/27 v1.1 Expandable calculations with integers (HO)
Package hobsub Info: Skipping package `ifpdf' (already loaded).
Package: etexcmds 2011/02/16 v1.5 Avoid name clashes with e-TeX commands (HO)
Package etexcmds Info: Could not find \expanded.
(etexcmds)             That can mean that you are not using pdfTeX 1.50 or
(etexcmds)             that some package has redefined \expanded.
(etexcmds)             In the latter case, load this package earlier.
Package: kvsetkeys 2012/04/25 v1.16 Key value parser (HO)
Package: kvdefinekeys 2011/04/07 v1.3 Define keys (HO)
Package: pdftexcmds 2011/11/29 v0.20 Utility functions of pdfTeX for LuaTeX (HO
)
Package pdftexcmds Info: LuaTeX not detected.
Package pdftexcmds Info: \pdf@primitive is available.
Package pdftexcmds Info: \pdf@ifprimitive is available.
Package pdftexcmds Info: \pdfdraftmode found.
Package: pdfescape 2011/11/25 v1.13 Implements pdfTeX's escape features (HO)
Package: bigintcalc 2012/04/08 v1.3 Expandable calculations on big integers (HO
)
Package: bitset 2011/01/30 v1.1 Handle bit-vector datatype (HO)
Package: uniquecounter 2011/01/30 v1.2 Provide unlimited unique counter (HO)
)
Package hobsub Info: Skipping package `hobsub' (already loaded).
Package: letltxmacro 2010/09/02 v1.4 Let assignment for LaTeX macros (HO)
Package: hopatch 2012/05/28 v1.2 Wrapper for package hooks (HO)
Package: xcolor-patch 2011/01/30 xcolor patch
Package: atveryend 2011/06/30 v1.8 Hooks at the very end of document (HO)
Package atveryend Info: \enddocument detected (standard20110627).
Package: atbegshi 2011/10/05 v1.16 At begin shipout hook (HO)
Package: refcount 2011/10/16 v3.4 Data extraction from label references (HO)
Package: hycolor 2011/01/30 v1.7 Color options for hyperref/bookmark (HO)
)
(/usr/share/texlive/texmf-dist/tex/latex/oberdiek/auxhook.sty
Package: auxhook 2011/03/04 v1.3 Hooks for auxiliary files (HO)
)
(/usr/share/texlive/texmf-dist/tex/latex/oberdiek/kvoptions.sty
Package: kvoptions 2011/06/30 v3.11 Key value format for package options (HO)
)
\@linkdim=\dimen151
\Hy@linkcounter=\count119
\Hy@pagecounter=\count120

(/usr/share/texlive/texmf-dist/tex/latex/hyperref/pd1enc.def
File: pd1enc.def 2012/11/06 v6.83m Hyperref: PDFDocEncoding definition (HO)
Now handling font encoding PD1 ...
... no UTF-8 mapping file for font encoding PD1
)
\Hy@SavedSpaceFactor=\count121

(/usr/share/texlive/texmf-dist/tex/latex/latexconfig/hyperref.cfg
File: hyperref.cfg 2002/06/06 v1.2 hyperref configuration of TeXLive
)
Package hyperref Info: Hyper figures OFF on input line 4443.
Package hyperref Info: Link nesting OFF on input line 4448.
Package hyperref Info: Hyper index ON on input line 4451.
Package hyperref Info: Plain pages OFF on input line 4458.
Package hyperref Info: Backreferencing ON on input line 4461.
Package hyperref Info: Implicit mode ON; LaTeX internals redefined.
Package hyperref Info: Bookmarks ON on input line 4688.

(/usr/share/texlive/texmf-dist/tex/latex/hyperref/backref.sty
Package: backref 2012/07/25 v1.38 Bibliographical back referencing

(/usr/share/texlive/texmf-dist/tex/latex/oberdiek/rerunfilecheck.sty
Package: rerunfilecheck 2011/04/15 v1.7 Rerun checks for auxiliary files (HO)
Package uniquecounter Info: New unique counter `rerunfilecheck' on input line 2
82.
))
\c@Hy@tempcnt=\count122

(/usr/share/texlive/texmf-dist/tex/latex/url/url.sty
\Urlmuskip=\muskip10
Package: url 2013/09/16  ver 3.4  Verb mode for urls, etc.
)
LaTeX Info: Redefining \url on input line 5041.
\XeTeXLinkMargin=\dimen152
\Fld@menulength=\count123
\Field@Width=\dimen153
\Fld@charsize=\dimen154
Package hyperref Info: Hyper figures OFF on input line 6295.
Package hyperref Info: Link nesting OFF on input line 6300.
Package hyperref Info: Hyper index ON on input line 6303.
Package hyperref Info: backreferencing ON on input line 6308.
Package hyperref Info: Link coloring OFF on input line 6315.
Package hyperref Info: Link coloring with OCG OFF on input line 6320.
Package hyperref Info: PDF/A mode OFF on input line 6325.
LaTeX Info: Redefining \ref on input line 6365.
LaTeX Info: Redefining \pageref on input line 6369.
\Hy@abspage=\count124
\c@Item=\count125
\c@Hfootnote=\count126
)

Package hyperref Message: Driver: hpdftex.

(/usr/share/texlive/texmf-dist/tex/latex/hyperref/hpdftex.def
File: hpdftex.def 2012/11/06 v6.83m Hyperref driver for pdfTeX
\Fld@listcount=\count127
\c@bookmark@seq@number=\count128
\Hy@SectionHShift=\skip101
)
Package hyperref Info: Option `colorlinks' set `true' on input line 105.
Package hyperref Info: Option `unicode' set `true' on input line 105.

(/usr/share/texlive/texmf-dist/tex/latex/hyperref/puenc.def
File: puenc.def 2012/11/06 v6.83m Hyperref: PDF Unicode definition (HO)
Now handling font encoding PU ...
... no UTF-8 mapping file for font encoding PU
) (./refman.aux)
\openout1 = `refman.aux'.

LaTeX Font Info:    Checking defaults for OML/cmm/m/it on input line 115.
LaTeX Font Info:    ... okay on input line 115.
LaTeX Font Info:    Checking defaults for T1/cmr/m/n on input line 115.
LaTeX Font Info:    ... okay on input line 115.
LaTeX Font Info:    Checking defaults for OT1/cmr/m/n on input line 115.
LaTeX Font Info:    ... okay on input line 115.
LaTeX Font Info:    Checking defaults for OMS/cmsy/m/n on input line 115.
LaTeX Font Info:    ... okay on input line 115.
LaTeX Font Info:    Checking defaults for OMX/cmex/m/n on input line 115.
LaTeX Font Info:    ... okay on input line 115.
LaTeX Font Info:    Checking defaults for U/cmr/m/n on input line 115.
LaTeX Font Info:    ... okay on input line 115.
LaTeX Font Info:    Checking defaults for TS1/cmr/m/n on input line 115.
LaTeX Font Info:    Try loading font information for TS1+cmr on input line 115.


(/usr/share/texlive/texmf-dist/tex/latex/base/ts1cmr.fd
File: ts1cmr.fd 1999/05/25 v2.5h Standard LaTeX font definitions
)
LaTeX Font Info:    ... okay on input line 115.
LaTeX Font Info:    Checking defaults for PD1/pdf/m/n on input line 115.
LaTeX Font Info:    ... okay on input line 115.
LaTeX Font Info:    Checking defaults for PU/pdf/m/n on input line 115.
LaTeX Font Info:    ... okay on input line 115.
LaTeX Font Info:    Try loading font information for T1+phv on input line 115.

(/usr/share/texlive/texmf-dist/tex/latex/psnfss/t1phv.fd
File: t1phv.fd 2001/06/04 scalable font definitions for T1/phv.
)
LaTeX Font Info:    Font shape `T1/phv/m/n' will be
(Font)              scaled to size 8.99994pt on input line 115.

(/usr/share/texlive/texmf-dist/tex/context/base/supp-pdf.mkii
[Loading MPS to PDF converter (version 2006.09.02).]
\scratchcounter=\count129
\scratchdimen=\dimen155
\scratchbox=\box58
\nofMPsegments=\count130
\nofMParguments=\count131
\everyMPshowfont=\toks26
\MPscratchCnt=\count132
\MPscratchDim=\dimen156
\MPnumerator=\count133
\makeMPintoPDFobject=\count134
\everyMPtoPDFconversion=\toks27
) (/usr/share/texlive/texmf-dist/tex/latex/oberdiek/epstopdf-base.sty
Package: epstopdf-base 2010/02/09 v2.5 Base part for package epstopdf

(/usr/share/texlive/texmf-dist/tex/latex/oberdiek/grfext.sty
Package: grfext 2010/08/19 v1.1 Manage graphics extensions (HO)
)
Package grfext Info: Graphics extension search list:
(grfext)             [.png,.pdf,.jpg,.mps,.jpeg,.jbig2,.jb2,.PNG,.PDF,.JPG,.JPE
G,.JBIG2,.JB2,.eps]
(grfext)             \AppendGraphicsExtensions on input line 452.

(/usr/share/texlive/texmf-dist/tex/latex/latexconfig/epstopdf-sys.cfg
File: epstopdf-sys.cfg 2010/07/13 v1.3 Configuration of (r)epstopdf for TeX Liv
e
))
*geometry* driver: auto-detecting
*geometry* detected driver: pdftex
*geometry* verbose mode - [ preamble ] result:
* driver: pdftex
* paper: a4paper
* layout: <same size as paper>
* layoutoffset:(h,v)=(0.0pt,0.0pt)
* modes: twoside 
* h-part:(L,W,R)=(71.13188pt, 455.24411pt, 71.13188pt)
* v-part:(T,H,B)=(71.13188pt, 702.78308pt, 71.13188pt)
* \paperwidth=597.50787pt
* \paperheight=845.04684pt
* \textwidth=455.24411pt
* \textheight=702.78308pt
* \oddsidemargin=-1.1381pt
* \evensidemargin=-1.1381pt
* \topmargin=-31.2056pt
* \headheight=12.0pt
* \headsep=18.06749pt
* \topskip=10.0pt
* \footskip=25.29494pt
* \marginparwidth=125.0pt
* \marginparsep=7.0pt
* \columnsep=10.0pt
* \skip\footins=9.0pt plus 4.0pt minus 2.0pt
* \hoffset=0.0pt
* \voffset=0.0pt
* \mag=1000
* \@twocolumnfalse
* \@twosidetrue
* \@mparswitchtrue
* \@reversemarginfalse
* (1in=72.27pt=25.4mm, 1cm=28.453pt)

\AtBeginShipoutBox=\box59
Package backref Info: ** backref set up for natbib ** on input line 115.
Package hyperref Info: Link coloring ON on input line 115.
(/usr/share/texlive/texmf-dist/tex/latex/hyperref/nameref.sty
Package: nameref 2012/10/27 v2.43 Cross-referencing by name of section

(/usr/share/texlive/texmf-dist/tex/generic/oberdiek/gettitlestring.sty
Package: gettitlestring 2010/12/03 v1.4 Cleanup title references (HO)
)
\c@section@level=\count135
)
LaTeX Info: Redefining \ref on input line 115.
LaTeX Info: Redefining \pageref on input line 115.
LaTeX Info: Redefining \nameref on input line 115.

(./refman.out) (./refman.out)
\@outlinefile=\write4
\openout4 = `refman.out'.

Package hyperref Info: Option `pageanchor' set `false' on input line 122.


Package hyperref Warning: Option `bookmarks' has already been used,
(hyperref)                setting the option has no effect on input line 122.

Package hyperref Info: Option `bookmarksnumbered' set `true' on input line 122.

Package hyperref Info: Option `unicode' set `true' on input line 122.
LaTeX Font Info:    Font shape `T1/phv/m/n' will be
(Font)              scaled to size 12.9599pt on input line 127.
LaTeX Font Info:    Font shape `T1/phv/m/n' will be
(Font)              scaled to size 10.79993pt on input line 127.
LaTeX Font Info:    Font shape `T1/phv/m/n' will be
(Font)              scaled to size 6.29996pt on input line 127.
LaTeX Font Info:    Try loading font information for U+wasy on input line 127.
(/usr/share/texlive/texmf-dist/tex/latex/wasysym/uwasy.fd
File: uwasy.fd 2003/10/30 v2.0 Wasy-2 symbol font definitions
)
LaTeX Font Info:    Try loading font information for U+msa on input line 127.

(/usr/share/texlive/texmf-dist/tex/latex/amsfonts/umsa.fd
File: umsa.fd 2013/01/14 v3.01 AMS symbols A
)
LaTeX Font Info:    Try loading font information for U+msb on input line 127.

(/usr/share/texlive/texmf-dist/tex/latex/amsfonts/umsb.fd
File: umsb.fd 2013/01/14 v3.01 AMS symbols B
)
LaTeX Font Info:    Font shape `T1/phv/m/n' will be
(Font)              scaled to size 8.09995pt on input line 131.
 [1


{/var/lib/texmf/fonts/map/pdftex/updmap/pdftex.map}] [2

]
LaTeX Font Info:    Font shape `T1/phv/m/n' will be
(Font)              scaled to size 22.39185pt on input line 135.
LaTeX Font Info:    Font shape `T1/phv/bx/n' in size <24.88> not available
(Font)              Font shape `T1/phv/b/n' tried instead on input line 135.
LaTeX Font Info:    Font shape `T1/phv/b/n' will be
(Font)              scaled to size 22.39185pt on input line 135.
LaTeX Font Info:    Font shape `T1/phv/bc/n' will be
(Font)              scaled to size 22.39185pt on input line 135.
 (./refman.toc
LaTeX Font Info:    Font shape `T1/phv/bx/n' in size <10> not available
(Font)              Font shape `T1/phv/b/n' tried instead on input line 1.
LaTeX Font Info:    Font shape `T1/phv/b/n' will be
(Font)              scaled to size 8.99994pt on input line 1.
 [3

]
LaTeX Font Info:    Font shape `T1/phv/bx/n' in size <7> not available
(Font)              Font shape `T1/phv/b/n' tried instead on input line 71.
LaTeX Font Info:    Font shape `T1/phv/b/n' will be
(Font)              scaled to size 6.29996pt on input line 71.
 [4] [5] [6])
\tf@toc=\write5
\openout5 = `refman.toc'.

 [7]
[8

]
Package hyperref Info: Option `pageanchor' set `true' on input line 138.

Chapter 1.
LaTeX Font Info:    Font shape `T1/phv/m/n' will be
(Font)              scaled to size 18.66588pt on input line 141.
LaTeX Font Info:    Font shape `T1/phv/bx/n' in size <20.74> not available
(Font)              Font shape `T1/phv/b/n' tried instead on input line 141.
LaTeX Font Info:    Font shape `T1/phv/b/n' will be
(Font)              scaled to size 18.66588pt on input line 141.
LaTeX Font Info:    Font shape `T1/phv/bc/n' will be
(Font)              scaled to size 18.66588pt on input line 141.
(./index.tex
LaTeX Font Info:    Font shape `T1/phv/bc/n' will be
(Font)              scaled to size 8.99994pt on input line 1.

Underfull \hbox (badness 10000) detected at line 1
[][][]
 []


Underfull \hbox (badness 10000) detected at line 4
[][][]
 []


Underfull \hbox (badness 10000) detected at line 7
[][][]
 []


Underfull \hbox (badness 10000) in paragraph at lines 10--12

 []

LaTeX Font Info:    Try loading font information for TS1+phv on input line 14.
(/usr/share/texlive/texmf-dist/tex/latex/psnfss/ts1phv.fd
File: ts1phv.fd 2001/06/04 scalable font definitions for TS1/phv.
)
LaTeX Font Info:    Font shape `TS1/phv/m/n' will be
(Font)              scaled to size 8.99994pt on input line 14.

Underfull \hbox (badness 10000) in paragraph at lines 14--15

 []


Underfull \hbox (badness 10000) in paragraph at lines 16--17

 []


Underfull \hbox (badness 10000) in paragraph at lines 18--19

 []


Underfull \hbox (badness 10000) in paragraph at lines 20--21

 []


Underfull \hbox (badness 10000) in paragraph at lines 25--32

 []


Underfull \hbox (badness 10000) in paragraph at lines 25--32

 []


Underfull \hbox (badness 10000) in paragraph at lines 25--32

 []

LaTeX Font Info:    Try loading font information for T1+pcr on input line 33.
(/usr/share/texlive/texmf-dist/tex/latex/psnfss/t1pcr.fd
File: t1pcr.fd 2001/06/04 font definitions for T1/pcr.
)) [1

] [2

]
Chapter 2.
(./hierarchy.tex
LaTeX Font Info:    Font shape `T1/phv/bx/n' in size <14.4> not available
(Font)              Font shape `T1/phv/b/n' tried instead on input line 1.
LaTeX Font Info:    Font shape `T1/phv/b/n' will be
(Font)              scaled to size 12.9599pt on input line 1.
LaTeX Font Info:    Font shape `T1/phv/bc/n' will be
(Font)              scaled to size 12.9599pt on input line 1.
) [3] [4

]
Chapter 3.
(./annotated.tex) [5] [6

]
Chapter 4.
(./files.tex) [7] [8

]
Chapter 5.
(./class_algorithm2.tex
<class_algorithm2__inherit__graph.pdf, id=1094, 146.5475pt x 156.585pt>
File: class_algorithm2__inherit__graph.pdf Graphic file (type pdf)

<use class_algorithm2__inherit__graph.pdf>
Package pdftex.def Info: class_algorithm2__inherit__graph.pdf used on input lin
e 18.
(pdftex.def)             Requested size: 146.0pt x 155.99922pt.

<class_algorithm2__coll__graph.pdf, id=1095, 217.81375pt x 168.63pt>
File: class_algorithm2__coll__graph.pdf Graphic file (type pdf)

<use class_algorithm2__coll__graph.pdf>
Package pdftex.def Info: class_algorithm2__coll__graph.pdf used on input line 2
7.
(pdftex.def)             Requested size: 217.0pt x 167.99916pt.
LaTeX Font Info:    Font shape `T1/phv/bx/n' in size <12> not available
(Font)              Font shape `T1/phv/b/n' tried instead on input line 30.
LaTeX Font Info:    Font shape `T1/phv/b/n' will be
(Font)              scaled to size 10.79993pt on input line 30.
LaTeX Font Info:    Font shape `T1/phv/bc/n' will be
(Font)              scaled to size 10.79993pt on input line 30.
 [9 <./class_algorithm2__inherit__graph.pdf> <./class_algorithm2__coll__graph.p
df

pdfTeX warning: pdflatex (file ./class_algorithm2__coll__graph.pdf): PDF inclus
ion: multiple pdfs with page group included in a single page
>]
LaTeX Font Info:    Font shape `T1/phv/m/it' in size <9> not available
(Font)              Font shape `T1/phv/m/sl' tried instead on input line 34.
LaTeX Font Info:    Font shape `T1/phv/m/sl' will be
(Font)              scaled to size 8.09995pt on input line 34.
LaTeX Font Info:    Font shape `T1/phv/bc/n' will be
(Font)              scaled to size 6.29996pt on input line 68.


LaTeX Font Warning: Font shape `T1/pcr/bc/n' undefined
(Font)              using `T1/pcr/m/n' instead on input line 68.

LaTeX Font Info:    Font shape `T1/phv/bc/it' in size <10> not available
(Font)              Font shape `T1/phv/bc/sl' tried instead on input line 79.
LaTeX Font Info:    Font shape `T1/phv/bc/sl' will be
(Font)              scaled to size 8.99994pt on input line 79.
LaTeX Font Info:    Font shape `T1/phv/bc/it' in size <7> not available
(Font)              Font shape `T1/phv/bc/sl' tried instead on input line 79.
LaTeX Font Info:    Font shape `T1/phv/bc/sl' will be
(Font)              scaled to size 6.29996pt on input line 79.
LaTeX Font Info:    Font shape `T1/phv/m/it' in size <10> not available
(Font)              Font shape `T1/phv/m/sl' tried instead on input line 82.
LaTeX Font Info:    Font shape `T1/phv/m/sl' will be
(Font)              scaled to size 8.99994pt on input line 82.
LaTeX Font Info:    Font shape `T1/phv/m/it' in size <7> not available
(Font)              Font shape `T1/phv/m/sl' tried instead on input line 82.
LaTeX Font Info:    Font shape `T1/phv/m/sl' will be
(Font)              scaled to size 6.29996pt on input line 82.

Package hyperref Warning: Token not allowed in a PDF string (Unicode):
(hyperref)                removing `math shift' on input line 95.


Package hyperref Warning: Token not allowed in a PDF string (Unicode):
(hyperref)                removing `\sim' on input line 95.


Package hyperref Warning: Token not allowed in a PDF string (Unicode):
(hyperref)                removing `math shift' on input line 95.

[10]
<class_algorithm2_a409e58d5fb0b6d2407cc986cf163703b_cgraph.pdf, id=1150, 451.68
75pt x 100.375pt>
File: class_algorithm2_a409e58d5fb0b6d2407cc986cf163703b_cgraph.pdf Graphic fil
e (type pdf)

<use class_algorithm2_a409e58d5fb0b6d2407cc986cf163703b_cgraph.pdf>
Package pdftex.def Info: class_algorithm2_a409e58d5fb0b6d2407cc986cf163703b_cgr
aph.pdf used on input line 129.
(pdftex.def)             Requested size: 350.0pt x 77.78215pt.

<class_algorithm2_a103c600d6f7a33872672e4b26d89475f_cgraph.pdf, id=1152, 337.26
pt x 138.5175pt>
File: class_algorithm2_a103c600d6f7a33872672e4b26d89475f_cgraph.pdf Graphic fil
e (type pdf)

<use class_algorithm2_a103c600d6f7a33872672e4b26d89475f_cgraph.pdf>
Package pdftex.def Info: class_algorithm2_a103c600d6f7a33872672e4b26d89475f_cgr
aph.pdf used on input line 155.
(pdftex.def)             Requested size: 336.0pt x 138.00354pt.
 [11 <./class_algorithm2_a409e58d5fb0b6d2407cc986cf163703b_cgraph.pdf> <./class
_algorithm2_a103c600d6f7a33872672e4b26d89475f_cgraph.pdf

pdfTeX warning: pdflatex (file ./class_algorithm2_a103c600d6f7a33872672e4b26d89
475f_cgraph.pdf): PDF inclusion: multiple pdfs with page group included in a si
ngle page
>]) (./class_algorithm_kolejka.tex
<class_algorithm_kolejka__inherit__graph.pdf, id=1178, 170.6375pt x 156.585pt>
File: class_algorithm_kolejka__inherit__graph.pdf Graphic file (type pdf)

<use class_algorithm_kolejka__inherit__graph.pdf>
Package pdftex.def Info: class_algorithm_kolejka__inherit__graph.pdf used on in
put line 18.
(pdftex.def)             Requested size: 170.0pt x 156.00879pt.

<class_algorithm_kolejka__coll__graph.pdf, id=1179, 213.79875pt x 168.63pt>
File: class_algorithm_kolejka__coll__graph.pdf Graphic file (type pdf)

<use class_algorithm_kolejka__coll__graph.pdf>
Package pdftex.def Info: class_algorithm_kolejka__coll__graph.pdf used on input
 line 27.
(pdftex.def)             Requested size: 213.0pt x 167.99916pt.
 [12 <./class_algorithm_kolejka__inherit__graph.pdf> <./class_algorithm_kolejka
__coll__graph.pdf

pdfTeX warning: pdflatex (file ./class_algorithm_kolejka__coll__graph.pdf): PDF
 inclusion: multiple pdfs with page group included in a single page
>]

Package hyperref Warning: Token not allowed in a PDF string (Unicode):
(hyperref)                removing `math shift' on input line 93.


Package hyperref Warning: Token not allowed in a PDF string (Unicode):
(hyperref)                removing `\sim' on input line 93.


Package hyperref Warning: Token not allowed in a PDF string (Unicode):
(hyperref)                removing `math shift' on input line 93.


<class_algorithm_kolejka_ae9da3f1862fd90feb4a3c1d6b4f3dd8d_cgraph.pdf, id=1218,
 483.8075pt x 100.375pt>
File: class_algorithm_kolejka_ae9da3f1862fd90feb4a3c1d6b4f3dd8d_cgraph.pdf Grap
hic file (type pdf)

<use class_algorithm_kolejka_ae9da3f1862fd90feb4a3c1d6b4f3dd8d_cgraph.pdf>
Package pdftex.def Info: class_algorithm_kolejka_ae9da3f1862fd90feb4a3c1d6b4f3d
d8d_cgraph.pdf used on input line 127.
(pdftex.def)             Requested size: 350.0pt x 72.6176pt.

[13]) (./class_algorithm_lista.tex
<class_algorithm_lista__inherit__graph.pdf, id=1231, 158.5925pt x 156.585pt>
File: class_algorithm_lista__inherit__graph.pdf Graphic file (type pdf)

<use class_algorithm_lista__inherit__graph.pdf>
Package pdftex.def Info: class_algorithm_lista__inherit__graph.pdf used on inpu
t line 18.
(pdftex.def)             Requested size: 158.0pt x 156.01357pt.

<class_algorithm_lista__coll__graph.pdf, id=1232, 262.9825pt x 246.9225pt>
File: class_algorithm_lista__coll__graph.pdf Graphic file (type pdf)

<use class_algorithm_lista__coll__graph.pdf>
Package pdftex.def Info: class_algorithm_lista__coll__graph.pdf used on input l
ine 27.
(pdftex.def)             Requested size: 262.0pt x 246.01007pt.
 [14 <./class_algorithm_kolejka_ae9da3f1862fd90feb4a3c1d6b4f3dd8d_cgraph.pdf> <
./class_algorithm_lista__inherit__graph.pdf

pdfTeX warning: pdflatex (file ./class_algorithm_lista__inherit__graph.pdf): PD
F inclusion: multiple pdfs with page group included in a single page
>] [15 <./class_algorithm_lista__coll__graph.pdf>]

Package hyperref Warning: Token not allowed in a PDF string (Unicode):
(hyperref)                removing `math shift' on input line 93.


Package hyperref Warning: Token not allowed in a PDF string (Unicode):
(hyperref)                removing `\sim' on input line 93.


Package hyperref Warning: Token not allowed in a PDF string (Unicode):
(hyperref)                removing `math shift' on input line 93.


<class_algorithm_lista_a5c41dbbd3ae7a9ac34edec1a51bc8eb1_cgraph.pdf, id=1289, 3
21.2pt x 100.375pt>
File: class_algorithm_lista_a5c41dbbd3ae7a9ac34edec1a51bc8eb1_cgraph.pdf Graphi
c file (type pdf)

<use class_algorithm_lista_a5c41dbbd3ae7a9ac34edec1a51bc8eb1_cgraph.pdf>
Package pdftex.def Info: class_algorithm_lista_a5c41dbbd3ae7a9ac34edec1a51bc8eb
1_cgraph.pdf used on input line 127.
(pdftex.def)             Requested size: 320.0pt x 100.00255pt.

[16 <./class_algorithm_lista_a5c41dbbd3ae7a9ac34edec1a51bc8eb1_cgraph.pdf>])
(./class_algorithm_stos.tex
<class_algorithm_stos__inherit__graph.pdf, id=1305, 156.585pt x 156.585pt>
File: class_algorithm_stos__inherit__graph.pdf Graphic file (type pdf)

<use class_algorithm_stos__inherit__graph.pdf>
Package pdftex.def Info: class_algorithm_stos__inherit__graph.pdf used on input
 line 18.
(pdftex.def)             Requested size: 156.0pt x 156.0064pt.

<class_algorithm_stos__coll__graph.pdf, id=1306, 200.75pt x 168.63pt>
File: class_algorithm_stos__coll__graph.pdf Graphic file (type pdf)

<use class_algorithm_stos__coll__graph.pdf>
Package pdftex.def Info: class_algorithm_stos__coll__graph.pdf used on input li
ne 27.
(pdftex.def)             Requested size: 200.0pt x 168.01202pt.
 [17 <./class_algorithm_stos__inherit__graph.pdf> <./class_algorithm_stos__coll
__graph.pdf

pdfTeX warning: pdflatex (file ./class_algorithm_stos__coll__graph.pdf): PDF in
clusion: multiple pdfs with page group included in a single page
>]

Package hyperref Warning: Token not allowed in a PDF string (Unicode):
(hyperref)                removing `math shift' on input line 93.


Package hyperref Warning: Token not allowed in a PDF string (Unicode):
(hyperref)                removing `\sim' on input line 93.


Package hyperref Warning: Token not allowed in a PDF string (Unicode):
(hyperref)                removing `math shift' on input line 93.


<class_algorithm_stos_a889f7150ae3651b40e5acca7542dbbd1_cgraph.pdf, id=1348, 43
1.6125pt x 100.375pt>
File: class_algorithm_stos_a889f7150ae3651b40e5acca7542dbbd1_cgraph.pdf Graphic
 file (type pdf)

<use class_algorithm_stos_a889f7150ae3651b40e5acca7542dbbd1_cgraph.pdf>
Package pdftex.def Info: class_algorithm_stos_a889f7150ae3651b40e5acca7542dbbd1
_cgraph.pdf used on input line 127.
(pdftex.def)             Requested size: 350.0pt x 81.39824pt.

[18 <./class_algorithm_stos_a889f7150ae3651b40e5acca7542dbbd1_cgraph.pdf>])
(./class_benchmark.tex
<class_benchmark__inherit__graph.pdf, id=1368, 520.94624pt x 156.585pt>
File: class_benchmark__inherit__graph.pdf Graphic file (type pdf)

<use class_benchmark__inherit__graph.pdf>
Package pdftex.def Info: class_benchmark__inherit__graph.pdf used on input line
 18.
(pdftex.def)             Requested size: 350.0pt x 105.20288pt.
 [19 <./class_benchmark__inherit__graph.pdf>]

Package hyperref Warning: Token not allowed in a PDF string (Unicode):
(hyperref)                removing `math shift' on input line 66.


Package hyperref Warning: Token not allowed in a PDF string (Unicode):
(hyperref)                removing `\sim' on input line 66.


Package hyperref Warning: Token not allowed in a PDF string (Unicode):
(hyperref)                removing `math shift' on input line 66.


<class_benchmark_a6363894c058e8bfe146de09d7126b29c_icgraph.pdf, id=1401, 371.38
75pt x 100.375pt>
File: class_benchmark_a6363894c058e8bfe146de09d7126b29c_icgraph.pdf Graphic fil
e (type pdf)

<use class_benchmark_a6363894c058e8bfe146de09d7126b29c_icgraph.pdf>
Package pdftex.def Info: class_benchmark_a6363894c058e8bfe146de09d7126b29c_icgr
aph.pdf used on input line 95.
(pdftex.def)             Requested size: 350.0pt x 94.59602pt.

<class_benchmark_a05a8e8b9b80949f51c2ccc47e08dedbb_icgraph.pdf, id=1403, 405.51
5pt x 110.4125pt>
File: class_benchmark_a05a8e8b9b80949f51c2ccc47e08dedbb_icgraph.pdf Graphic fil
e (type pdf)

<use class_benchmark_a05a8e8b9b80949f51c2ccc47e08dedbb_icgraph.pdf>
Package pdftex.def Info: class_benchmark_a05a8e8b9b80949f51c2ccc47e08dedbb_icgr
aph.pdf used on input line 121.
(pdftex.def)             Requested size: 350.0pt x 95.29994pt.
 [20 <./class_benchmark_a6363894c058e8bfe146de09d7126b29c_icgraph.pdf>]
<class_benchmark_a900bc0d26c2ed6aa45afe4d5b295ccd1_cgraph.pdf, id=1419, 405.515
pt x 149.55875pt>
File: class_benchmark_a900bc0d26c2ed6aa45afe4d5b295ccd1_cgraph.pdf Graphic file
 (type pdf)

<use class_benchmark_a900bc0d26c2ed6aa45afe4d5b295ccd1_cgraph.pdf>
Package pdftex.def Info: class_benchmark_a900bc0d26c2ed6aa45afe4d5b295ccd1_cgra
ph.pdf used on input line 151.
(pdftex.def)             Requested size: 350.0pt x 129.08812pt.
)
(./class_kolejka.tex [21 <./class_benchmark_a05a8e8b9b80949f51c2ccc47e08dedbb_i
cgraph.pdf> <./class_benchmark_a900bc0d26c2ed6aa45afe4d5b295ccd1_cgraph.pdf

pdfTeX warning: pdflatex (file ./class_benchmark_a900bc0d26c2ed6aa45afe4d5b295c
cd1_cgraph.pdf): PDF inclusion: multiple pdfs with page group included in a sin
gle page
>]

Package hyperref Warning: Token not allowed in a PDF string (Unicode):
(hyperref)                removing `math shift' on input line 84.


Package hyperref Warning: Token not allowed in a PDF string (Unicode):
(hyperref)                removing `\sim' on input line 84.


Package hyperref Warning: Token not allowed in a PDF string (Unicode):
(hyperref)                removing `math shift' on input line 84.

[22]
Underfull \hbox (badness 10000) detected at line 99
[][][]
 []


<class_kolejka_a8f3b0111e85f517d9eadb8ce996d4471_cgraph.pdf, id=1473, 297.11pt 
x 100.375pt>
File: class_kolejka_a8f3b0111e85f517d9eadb8ce996d4471_cgraph.pdf Graphic file (
type pdf)
 <use class_kolejka_a8f3b0111e85f517d9eadb8ce996d4471_cgraph.pdf>
Package pdftex.def Info: class_kolejka_a8f3b0111e85f517d9eadb8ce996d4471_cgraph
.pdf used on input line 128.
(pdftex.def)             Requested size: 296.0pt x 100.00409pt.

<class_kolejka_a8f3b0111e85f517d9eadb8ce996d4471_icgraph.pdf, id=1474, 357.335p
t x 100.375pt>
File: class_kolejka_a8f3b0111e85f517d9eadb8ce996d4471_icgraph.pdf Graphic file 
(type pdf)

<use class_kolejka_a8f3b0111e85f517d9eadb8ce996d4471_icgraph.pdf>
Package pdftex.def Info: class_kolejka_a8f3b0111e85f517d9eadb8ce996d4471_icgrap
h.pdf used on input line 139.
(pdftex.def)             Requested size: 350.0pt x 98.31934pt.

<class_kolejka_ab4f51f0ec7fef36a85af6cfd1c257427_icgraph.pdf, id=1475, 483.8075
pt x 100.375pt>
File: class_kolejka_ab4f51f0ec7fef36a85af6cfd1c257427_icgraph.pdf Graphic file 
(type pdf)

<use class_kolejka_ab4f51f0ec7fef36a85af6cfd1c257427_icgraph.pdf>
Package pdftex.def Info: class_kolejka_ab4f51f0ec7fef36a85af6cfd1c257427_icgrap
h.pdf used on input line 161.
(pdftex.def)             Requested size: 350.0pt x 72.6176pt.
 [23 <./class_kolejka_a8f3b0111e85f517d9eadb8ce996d4471_cgraph.pdf> <./class_ko
lejka_a8f3b0111e85f517d9eadb8ce996d4471_icgraph.pdf

pdfTeX warning: pdflatex (file ./class_kolejka_a8f3b0111e85f517d9eadb8ce996d447
1_icgraph.pdf): PDF inclusion: multiple pdfs with page group included in a sing
le page
> <./class_kolejka_ab4f51f0ec7fef36a85af6cfd1c257427_icgraph.pdf

pdfTeX warning: pdflatex (file ./class_kolejka_ab4f51f0ec7fef36a85af6cfd1c25742
7_icgraph.pdf): PDF inclusion: multiple pdfs with page group included in a sing
le page
>]) (./struct_lista_1_1_komorka.tex
<struct_lista_1_1_komorka__coll__graph.pdf, id=1506, 199.74625pt x 100.375pt>
File: struct_lista_1_1_komorka__coll__graph.pdf Graphic file (type pdf)

<use struct_lista_1_1_komorka__coll__graph.pdf>
Package pdftex.def Info: struct_lista_1_1_komorka__coll__graph.pdf used on inpu
t line 14.
(pdftex.def)             Requested size: 199.0pt x 100.00562pt.
 [24 <./struct_lista_1_1_komorka__coll__graph.pdf>]) (./class_lista.tex
<class_lista__coll__graph.pdf, id=1532, 199.74625pt x 178.6675pt>
File: class_lista__coll__graph.pdf Graphic file (type pdf)

<use class_lista__coll__graph.pdf>
Package pdftex.def Info: class_lista__coll__graph.pdf used on input line 18.
(pdftex.def)             Requested size: 199.0pt x 178.01003pt.
 [25 <./class_lista__coll__graph.pdf>]

Package hyperref Warning: Token not allowed in a PDF string (Unicode):
(hyperref)                removing `math shift' on input line 71.


Package hyperref Warning: Token not allowed in a PDF string (Unicode):
(hyperref)                removing `\sim' on input line 71.


Package hyperref Warning: Token not allowed in a PDF string (Unicode):
(hyperref)                removing `math shift' on input line 71.


<class_lista_acec8ac807da644d8250c3c6043a208e1_icgraph.pdf, id=1557, 321.2pt x 
100.375pt>
File: class_lista_acec8ac807da644d8250c3c6043a208e1_icgraph.pdf Graphic file (t
ype pdf)
 <use class_lista_acec8ac807da644d8250c3c6043a208e1_icgraph.pdf>
Package pdftex.def Info: class_lista_acec8ac807da644d8250c3c6043a208e1_icgraph.
pdf used on input line 101.
(pdftex.def)             Requested size: 320.0pt x 100.00255pt.

[26]
Underfull \hbox (badness 10000) detected at line 118
[][][]
 []

) (./class_mnozenie.tex
<class_mnozenie__inherit__graph.pdf, id=1574, 146.5475pt x 156.585pt>
File: class_mnozenie__inherit__graph.pdf Graphic file (type pdf)

<use class_mnozenie__inherit__graph.pdf>
Package pdftex.def Info: class_mnozenie__inherit__graph.pdf used on input line 
18.
(pdftex.def)             Requested size: 146.0pt x 155.99922pt.

Underfull \vbox (badness 2213) has occurred while \output is active []

 [27 <./class_lista_acec8ac807da644d8250c3c6043a208e1_icgraph.pdf>]
<class_mnozenie__coll__graph.pdf, id=1587, 146.5475pt x 156.585pt>
File: class_mnozenie__coll__graph.pdf Graphic file (type pdf)

<use class_mnozenie__coll__graph.pdf>
Package pdftex.def Info: class_mnozenie__coll__graph.pdf used on input line 27.

(pdftex.def)             Requested size: 146.0pt x 155.99922pt.
 [28 <./class_mnozenie__inherit__graph.pdf> <./class_mnozenie__coll__graph.pdf

pdfTeX warning: pdflatex (file ./class_mnozenie__coll__graph.pdf): PDF inclusio
n: multiple pdfs with page group included in a single page
>]

Package hyperref Warning: Token not allowed in a PDF string (Unicode):
(hyperref)                removing `math shift' on input line 91.


Package hyperref Warning: Token not allowed in a PDF string (Unicode):
(hyperref)                removing `\sim' on input line 91.


Package hyperref Warning: Token not allowed in a PDF string (Unicode):
(hyperref)                removing `math shift' on input line 91.

) (./class_stos.tex [29] [30]

Package hyperref Warning: Token not allowed in a PDF string (Unicode):
(hyperref)                removing `math shift' on input line 84.


Package hyperref Warning: Token not allowed in a PDF string (Unicode):
(hyperref)                removing `\sim' on input line 84.


Package hyperref Warning: Token not allowed in a PDF string (Unicode):
(hyperref)                removing `math shift' on input line 84.


<class_stos_a1054dda0231b2516b6a04298801c0b27_icgraph.pdf, id=1666, 252.945pt x
 100.375pt>
File: class_stos_a1054dda0231b2516b6a04298801c0b27_icgraph.pdf Graphic file (ty
pe pdf)
 <use class_stos_a1054dda0231b2516b6a04298801c0b27_icgraph.pdf>
Package pdftex.def Info: class_stos_a1054dda0231b2516b6a04298801c0b27_icgraph.p
df used on input line 109.
(pdftex.def)             Requested size: 252.0pt x 100.00255pt.

<class_stos_aaf6e4717d1983c5351c9f5e9797368d3_icgraph.pdf, id=1667, 431.6125pt 
x 100.375pt>
File: class_stos_aaf6e4717d1983c5351c9f5e9797368d3_icgraph.pdf Graphic file (ty
pe pdf)
 <use class_stos_aaf6e4717d1983c5351c9f5e9797368d3_icgraph.pdf>
Package pdftex.def Info: class_stos_aaf6e4717d1983c5351c9f5e9797368d3_icgraph.p
df used on input line 131.
(pdftex.def)             Requested size: 350.0pt x 81.39824pt.

Underfull \hbox (badness 10000) detected at line 143
[][][]
 []


<class_stos_aabb14b8a389c55da6e2b50fbb179ed56_cgraph.pdf, id=1668, 252.945pt x 
100.375pt>
File: class_stos_aabb14b8a389c55da6e2b50fbb179ed56_cgraph.pdf Graphic file (typ
e pdf)
 <use class_stos_aabb14b8a389c55da6e2b50fbb179ed56_cgraph.pdf>
Package pdftex.def Info: class_stos_aabb14b8a389c55da6e2b50fbb179ed56_cgraph.pd
f used on input line 156.
(pdftex.def)             Requested size: 252.0pt x 100.00255pt.

[31 <./class_stos_a1054dda0231b2516b6a04298801c0b27_icgraph.pdf> <./class_stos_
aaf6e4717d1983c5351c9f5e9797368d3_icgraph.pdf

pdfTeX warning: pdflatex (file ./class_stos_aaf6e4717d1983c5351c9f5e9797368d3_i
cgraph.pdf): PDF inclusion: multiple pdfs with page group included in a single 
page
>]
<class_stos_afd5802e405946328cccca3eed676b493_cgraph.pdf, id=1688, 256.96pt x 1
00.375pt>
File: class_stos_afd5802e405946328cccca3eed676b493_cgraph.pdf Graphic file (typ
e pdf)
 <use class_stos_afd5802e405946328cccca3eed676b493_cgraph.pdf>
Package pdftex.def Info: class_stos_afd5802e405946328cccca3eed676b493_cgraph.pd
f used on input line 183.
(pdftex.def)             Requested size: 256.0pt x 100.00716pt.

<class_stos_afd5802e405946328cccca3eed676b493_icgraph.pdf, id=1689, 317.185pt x
 100.375pt>
File: class_stos_afd5802e405946328cccca3eed676b493_icgraph.pdf Graphic file (ty
pe pdf)
 <use class_stos_afd5802e405946328cccca3eed676b493_icgraph.pdf>
Package pdftex.def Info: class_stos_afd5802e405946328cccca3eed676b493_icgraph.p
df used on input line 194.
(pdftex.def)             Requested size: 316.0pt x 100.00868pt.

[32 <./class_stos_aabb14b8a389c55da6e2b50fbb179ed56_cgraph.pdf> <./class_stos_a
fd5802e405946328cccca3eed676b493_cgraph.pdf

pdfTeX warning: pdflatex (file ./class_stos_afd5802e405946328cccca3eed676b493_c
graph.pdf): PDF inclusion: multiple pdfs with page group included in a single p
age
> <./class_stos_afd5802e405946328cccca3eed676b493_icgraph.pdf

pdfTeX warning: pdflatex (file ./class_stos_afd5802e405946328cccca3eed676b493_i
cgraph.pdf): PDF inclusion: multiple pdfs with page group included in a single 
page
>]) (./class_tab_lista.tex [33]

Package hyperref Warning: Token not allowed in a PDF string (Unicode):
(hyperref)                removing `math shift' on input line 81.


Package hyperref Warning: Token not allowed in a PDF string (Unicode):
(hyperref)                removing `\sim' on input line 81.


Package hyperref Warning: Token not allowed in a PDF string (Unicode):
(hyperref)                removing `math shift' on input line 81.


<class_tab_lista_a9ae6a784d488c8b9885ccbc945225f9e_icgraph.pdf, id=1752, 451.68
75pt x 100.375pt>
File: class_tab_lista_a9ae6a784d488c8b9885ccbc945225f9e_icgraph.pdf Graphic fil
e (type pdf)

<use class_tab_lista_a9ae6a784d488c8b9885ccbc945225f9e_icgraph.pdf>
Package pdftex.def Info: class_tab_lista_a9ae6a784d488c8b9885ccbc945225f9e_icgr
aph.pdf used on input line 106.
(pdftex.def)             Requested size: 350.0pt x 77.78215pt.

<class_tab_lista_a7bd3e5f62a81bfd3813ad874e8a9c059_cgraph.pdf, id=1753, 293.095
pt x 100.375pt>
File: class_tab_lista_a7bd3e5f62a81bfd3813ad874e8a9c059_cgraph.pdf Graphic file
 (type pdf)

<use class_tab_lista_a7bd3e5f62a81bfd3813ad874e8a9c059_cgraph.pdf>
Package pdftex.def Info: class_tab_lista_a7bd3e5f62a81bfd3813ad874e8a9c059_cgra
ph.pdf used on input line 133.
(pdftex.def)             Requested size: 292.0pt x 99.9995pt.

<class_tab_lista_a7bd3e5f62a81bfd3813ad874e8a9c059_icgraph.pdf, id=1754, 321.2p
t x 100.375pt>
File: class_tab_lista_a7bd3e5f62a81bfd3813ad874e8a9c059_icgraph.pdf Graphic fil
e (type pdf)

<use class_tab_lista_a7bd3e5f62a81bfd3813ad874e8a9c059_icgraph.pdf>
Package pdftex.def Info: class_tab_lista_a7bd3e5f62a81bfd3813ad874e8a9c059_icgr
aph.pdf used on input line 144.
(pdftex.def)             Requested size: 320.0pt x 100.00255pt.
 [34 <./class_tab_lista_a9ae6a784d488c8b9885ccbc945225f9e_icgraph.pdf> <./class
_tab_lista_a7bd3e5f62a81bfd3813ad874e8a9c059_cgraph.pdf

pdfTeX warning: pdflatex (file ./class_tab_lista_a7bd3e5f62a81bfd3813ad874e8a9c
059_cgraph.pdf): PDF inclusion: multiple pdfs with page group included in a sin
gle page
>]
<class_tab_lista_a7e7acd97b2675b82b9a0f50907e87c22_icgraph.pdf, id=1774, 337.26
pt x 110.4125pt>
File: class_tab_lista_a7e7acd97b2675b82b9a0f50907e87c22_icgraph.pdf Graphic fil
e (type pdf)

<use class_tab_lista_a7e7acd97b2675b82b9a0f50907e87c22_icgraph.pdf>
Package pdftex.def Info: class_tab_lista_a7e7acd97b2675b82b9a0f50907e87c22_icgr
aph.pdf used on input line 174.
(pdftex.def)             Requested size: 336.0pt x 110.0028pt.

Underfull \hbox (badness 10000) detected at line 191
[][][]
 []


Underfull \hbox (badness 10000) detected at line 205
[][][]
 []


<class_tab_lista_ac4b9b266a861fc7ecffd60257a480991_icgraph.pdf, id=1775, 329.23
pt x 110.4125pt>
File: class_tab_lista_ac4b9b266a861fc7ecffd60257a480991_icgraph.pdf Graphic fil
e (type pdf)

<use class_tab_lista_ac4b9b266a861fc7ecffd60257a480991_icgraph.pdf>
Package pdftex.def Info: class_tab_lista_ac4b9b266a861fc7ecffd60257a480991_icgr
aph.pdf used on input line 218.
(pdftex.def)             Requested size: 328.0pt x 110.0028pt.
 [35 <./class_tab_lista_a7bd3e5f62a81bfd3813ad874e8a9c059_icgraph.pdf> <./class
_tab_lista_a7e7acd97b2675b82b9a0f50907e87c22_icgraph.pdf

pdfTeX warning: pdflatex (file ./class_tab_lista_a7e7acd97b2675b82b9a0f50907e87
c22_icgraph.pdf): PDF inclusion: multiple pdfs with page group included in a si
ngle page
>]) [36 <./class_tab_lista_ac4b9b266a861fc7ecffd60257a480991_icgraph.pdf>]
Chapter 6.
(./algorithm1_8cpp.tex
<algorithm1_8cpp__incl.pdf, id=1810, 321.2pt x 156.585pt>
File: algorithm1_8cpp__incl.pdf Graphic file (type pdf)

<use algorithm1_8cpp__incl.pdf>
Package pdftex.def Info: algorithm1_8cpp__incl.pdf used on input line 10.
(pdftex.def)             Requested size: 320.0pt x 156.004pt.
) (./algorithm1_8hh.tex
<algorithm1_8hh__dep__incl.pdf, id=1811, 160.6pt x 156.585pt>
File: algorithm1_8hh__dep__incl.pdf Graphic file (type pdf)

<use algorithm1_8hh__dep__incl.pdf>
Package pdftex.def Info: algorithm1_8hh__dep__incl.pdf used on input line 7.
(pdftex.def)             Requested size: 160.0pt x 156.004pt.
 [37

 <./algorithm1_8cpp__incl.pdf> <./algorithm1_8hh__dep__incl.pdf

pdfTeX warning: pdflatex (file ./algorithm1_8hh__dep__incl.pdf): PDF inclusion:
 multiple pdfs with page group included in a single page
>]) (./algorithm2_8cpp.tex
<algorithm2_8cpp__incl.pdf, id=1834, 404.51125pt x 156.585pt>
File: algorithm2_8cpp__incl.pdf Graphic file (type pdf)

<use algorithm2_8cpp__incl.pdf>
Package pdftex.def Info: algorithm2_8cpp__incl.pdf used on input line 11.
(pdftex.def)             Requested size: 350.0pt x 135.48715pt.
) (./algorithm2_8hh.tex
<algorithm2_8hh__dep__incl.pdf, id=1835, 234.8775pt x 156.585pt>
File: algorithm2_8hh__dep__incl.pdf Graphic file (type pdf)

<use algorithm2_8hh__dep__incl.pdf>
Package pdftex.def Info: algorithm2_8hh__dep__incl.pdf used on input line 7.
(pdftex.def)             Requested size: 234.0pt x 155.99922pt.
) (./algorithm__kolejka_8cpp.tex
<algorithm__kolejka_8cpp__incl.pdf, id=1838, 430.60875pt x 156.585pt>
File: algorithm__kolejka_8cpp__incl.pdf Graphic file (type pdf)

<use algorithm__kolejka_8cpp__incl.pdf>
Package pdftex.def Info: algorithm__kolejka_8cpp__incl.pdf used on input line 1
1.
(pdftex.def)             Requested size: 350.0pt x 127.27516pt.
 [38 <./algorithm2_8cpp__incl.pdf> <./algorithm2_8hh__dep__incl.pdf

pdfTeX warning: pdflatex (file ./algorithm2_8hh__dep__incl.pdf): PDF inclusion:
 multiple pdfs with page group included in a single page
>]) (./algorithm__kolejka_8hh.tex
<algorithm__kolejka_8hh__dep__incl.pdf, id=1860, 264.99pt x 156.585pt>
File: algorithm__kolejka_8hh__dep__incl.pdf Graphic file (type pdf)

<use algorithm__kolejka_8hh__dep__incl.pdf>
Package pdftex.def Info: algorithm__kolejka_8hh__dep__incl.pdf used on input li
ne 7.
(pdftex.def)             Requested size: 264.0pt x 156.01117pt.
) (./algorithm__lista_8cpp.tex
<algorithm__lista_8cpp__incl.pdf, id=1863, 404.51125pt x 156.585pt>
File: algorithm__lista_8cpp__incl.pdf Graphic file (type pdf)

<use algorithm__lista_8cpp__incl.pdf>
Package pdftex.def Info: algorithm__lista_8cpp__incl.pdf used on input line 11.

(pdftex.def)             Requested size: 350.0pt x 135.48715pt.
) (./algorithm__lista_8hh.tex [39 <./algorithm__kolejka_8cpp__incl.pdf> <./algo
rithm__kolejka_8hh__dep__incl.pdf

pdfTeX warning: pdflatex (file ./algorithm__kolejka_8hh__dep__incl.pdf): PDF in
clusion: multiple pdfs with page group included in a single page
>] <algorithm__lista_8hh__dep__incl.pdf, id=1884, 250.9375pt x 156.585pt>
File: algorithm__lista_8hh__dep__incl.pdf Graphic file (type pdf)

<use algorithm__lista_8hh__dep__incl.pdf>
Package pdftex.def Info: algorithm__lista_8hh__dep__incl.pdf used on input line
 7.
(pdftex.def)             Requested size: 250.0pt x 156.00879pt.
) (./algorithm__stos_8cpp.tex
<algorithm__stos_8cpp__incl.pdf, id=1887, 404.51125pt x 156.585pt>
File: algorithm__stos_8cpp__incl.pdf Graphic file (type pdf)

<use algorithm__stos_8cpp__incl.pdf>
Package pdftex.def Info: algorithm__stos_8cpp__incl.pdf used on input line 11.
(pdftex.def)             Requested size: 350.0pt x 135.48715pt.
) (./algorithm__stos_8hh.tex
Underfull \vbox (badness 5316) has occurred while \output is active []

 [40 <./algorithm__lista_8cpp__incl.pdf> <./algorithm__lista_8hh__dep__incl.pdf


pdfTeX warning: pdflatex (file ./algorithm__lista_8hh__dep__incl.pdf): PDF incl
usion: multiple pdfs with page group included in a single page
>] <algorithm__stos_8hh__dep__incl.pdf, id=1908, 250.9375pt x 156.585pt>
File: algorithm__stos_8hh__dep__incl.pdf Graphic file (type pdf)

<use algorithm__stos_8hh__dep__incl.pdf>
Package pdftex.def Info: algorithm__stos_8hh__dep__incl.pdf used on input line 
7.
(pdftex.def)             Requested size: 250.0pt x 156.00879pt.
) (./benchmark_8cpp.tex
<benchmark_8cpp__incl.pdf, id=1911, 360.34625pt x 156.585pt>
File: benchmark_8cpp__incl.pdf Graphic file (type pdf)

<use benchmark_8cpp__incl.pdf>
Package pdftex.def Info: benchmark_8cpp__incl.pdf used on input line 11.
(pdftex.def)             Requested size: 350.0pt x 152.08795pt.

Underfull \vbox (badness 5316) has occurred while \output is active []

 [41 <./algorithm__stos_8cpp__incl.pdf> <./algorithm__stos_8hh__dep__incl.pdf

pdfTeX warning: pdflatex (file ./algorithm__stos_8hh__dep__incl.pdf): PDF inclu
sion: multiple pdfs with page group included in a single page
>]) (./benchmark_8hh.tex
<benchmark_8hh__dep__incl.pdf, id=1935, 794.97pt x 156.585pt>
File: benchmark_8hh__dep__incl.pdf Graphic file (type pdf)

<use benchmark_8hh__dep__incl.pdf>
Package pdftex.def Info: benchmark_8hh__dep__incl.pdf used on input line 7.
(pdftex.def)             Requested size: 350.0pt x 68.94061pt.
 [42 <./benchmark_8cpp__incl.pdf> <./benchmark_8hh__dep__incl.pdf

pdfTeX warning: pdflatex (file ./benchmark_8hh__dep__incl.pdf): PDF inclusion: 
multiple pdfs with page group included in a single page
>]) (./generate_8cpp.tex
<generate_8cpp__incl.pdf, id=1964, 262.9825pt x 156.585pt>
File: generate_8cpp__incl.pdf Graphic file (type pdf)

<use generate_8cpp__incl.pdf>
Package pdftex.def Info: generate_8cpp__incl.pdf used on input line 10.
(pdftex.def)             Requested size: 262.0pt x 156.0064pt.
 [43 <./generate_8cpp__incl.pdf>])
(./kolejka_8cpp.tex <kolejka_8cpp__incl.pdf, id=1983, 211.79124pt x 156.585pt>
File: kolejka_8cpp__incl.pdf Graphic file (type pdf)

<use kolejka_8cpp__incl.pdf>
Package pdftex.def Info: kolejka_8cpp__incl.pdf used on input line 9.
(pdftex.def)             Requested size: 211.0pt x 156.0064pt.
) (./kolejka_8hh.tex
<kolejka_8hh__dep__incl.pdf, id=1984, 349.305pt x 156.585pt>
File: kolejka_8hh__dep__incl.pdf Graphic file (type pdf)

<use kolejka_8hh__dep__incl.pdf>
Package pdftex.def Info: kolejka_8hh__dep__incl.pdf used on input line 7.
(pdftex.def)             Requested size: 348.0pt x 156.00879pt.
) (./lista_8cpp.tex
<lista_8cpp__incl.pdf, id=1987, 197.73875pt x 156.585pt>
File: lista_8cpp__incl.pdf Graphic file (type pdf)

<use lista_8cpp__incl.pdf>
Package pdftex.def Info: lista_8cpp__incl.pdf used on input line 9.
(pdftex.def)             Requested size: 197.0pt x 156.00162pt.
 [44 <./kolejka_8cpp__incl.pdf> <./kolejka_8hh__dep__incl.pdf

pdfTeX warning: pdflatex (file ./kolejka_8hh__dep__incl.pdf): PDF inclusion: mu
ltiple pdfs with page group included in a single page
>]) (./lista_8hh.tex
<lista_8hh__dep__incl.pdf, id=2008, 322.20375pt x 156.585pt>
File: lista_8hh__dep__incl.pdf Graphic file (type pdf)

<use lista_8hh__dep__incl.pdf>
Package pdftex.def Info: lista_8hh__dep__incl.pdf used on input line 7.
(pdftex.def)             Requested size: 321.0pt x 156.0064pt.
) (./main_8cpp.tex
<main_8cpp__incl.pdf, id=2013, 959.585pt x 156.585pt>
File: main_8cpp__incl.pdf Graphic file (type pdf)

<use main_8cpp__incl.pdf>
Package pdftex.def Info: main_8cpp__incl.pdf used on input line 17.
(pdftex.def)             Requested size: 350.0pt x 57.11362pt.

Underfull \vbox (badness 1314) has occurred while \output is active []

 [45 <./lista_8cpp__incl.pdf> <./lista_8hh__dep__incl.pdf

pdfTeX warning: pdflatex (file ./lista_8hh__dep__incl.pdf): PDF inclusion: mult
iple pdfs with page group included in a single page
>]) (./stos_8cpp.tex <stos_8cpp__incl.pdf, id=2037, 197.73875pt x 156.585pt>
File: stos_8cpp__incl.pdf Graphic file (type pdf)

<use stos_8cpp__incl.pdf>
Package pdftex.def Info: stos_8cpp__incl.pdf used on input line 9.
(pdftex.def)             Requested size: 197.0pt x 156.00162pt.
) (./stos_8hh.tex
Underfull \vbox (badness 10000) has occurred while \output is active []

 [46 <./main_8cpp__incl.pdf>] <stos_8hh__dep__incl.pdf, id=2053, 321.2pt x 156.
585pt>
File: stos_8hh__dep__incl.pdf Graphic file (type pdf)

<use stos_8hh__dep__incl.pdf>
Package pdftex.def Info: stos_8hh__dep__incl.pdf used on input line 7.
(pdftex.def)             Requested size: 320.0pt x 156.004pt.
) (./strona-glowna_8dox.tex)
(./tab__lista_8cpp.tex
<tab__lista_8cpp__incl.pdf, id=2056, 215.80624pt x 156.585pt>
File: tab__lista_8cpp__incl.pdf Graphic file (type pdf)

<use tab__lista_8cpp__incl.pdf>
Package pdftex.def Info: tab__lista_8cpp__incl.pdf used on input line 9.
(pdftex.def)             Requested size: 215.0pt x 156.004pt.
) (./tab__lista_8hh.tex
Underfull \vbox (badness 1430) has occurred while \output is active []

 [47 <./stos_8cpp__incl.pdf> <./stos_8hh__dep__incl.pdf

pdfTeX warning: pdflatex (file ./stos_8hh__dep__incl.pdf): PDF inclusion: multi
ple pdfs with page group included in a single page
>] <tab__lista_8hh__dep__incl.pdf, id=2079, 324.21124pt x 156.585pt>
File: tab__lista_8hh__dep__incl.pdf Graphic file (type pdf)

<use tab__lista_8hh__dep__incl.pdf>
Package pdftex.def Info: tab__lista_8hh__dep__incl.pdf used on input line 7.
(pdftex.def)             Requested size: 323.0pt x 156.00879pt.
) [48 <./tab__lista_8cpp__incl.pdf> <./tab__lista_8hh__dep__incl.pdf

pdfTeX warning: pdflatex (file ./tab__lista_8hh__dep__incl.pdf): PDF inclusion:
 multiple pdfs with page group included in a single page
>] (./refman.ind [49



] [50] [51

])
Package atveryend Info: Empty hook `BeforeClearDocument' on input line 195.
Package atveryend Info: Empty hook `AfterLastShipout' on input line 195.
 (./refman.aux)
Package atveryend Info: Executing hook `AtVeryEndDocument' on input line 195.
Package atveryend Info: Executing hook `AtEndAfterFileList' on input line 195.
Package rerunfilecheck Info: File `refman.out' has not changed.
(rerunfilecheck)             Checksum: 70CFAEEB7472CE2821C80AB8D57F9D1A;34351.


LaTeX Font Warning: Some font shapes were not available, defaults substituted.

Package atveryend Info: Empty hook `AtVeryVeryEnd' on input line 195.
 ) 
Here is how much of TeX's memory you used:
 14019 strings out of 495028
 210814 string characters out of 6181497
 276666 words of memory out of 5000000
 16474 multiletter control sequences out of 15000+600000
 64732 words of font info for 69 fonts, out of 8000000 for 9000
 14 hyphenation exceptions out of 8191
 48i,16n,43p,815b,530s stack positions out of 5000i,500n,10000p,200000b,80000s
{/usr/share/texlive/texmf-dist/fonts/enc/dvips/base/8r.enc}</usr/share/texliv
e/texmf-dist/fonts/type1/public/amsfonts/cm/cmmi10.pfb></usr/share/texlive/texm
f-dist/fonts/type1/public/amsfonts/cm/cmsy10.pfb></usr/share/texlive/texmf-dist
/fonts/type1/public/amsfonts/cm/cmsy7.pfb></usr/share/texlive/texmf-dist/fonts/
type1/urw/courier/ucrr8a.pfb></usr/share/texlive/texmf-dist/fonts/type1/urw/hel
vetic/uhvb8a.pfb></usr/share/texlive/texmf-dist/fonts/type1/urw/helvetic/uhvb8a
c.pfb></usr/share/texlive/texmf-dist/fonts/type1/urw/helvetic/uhvbo8ac.pfb></us
r/share/texlive/texmf-dist/fonts/type1/urw/helvetic/uhvr8a.pfb></usr/share/texl
ive/texmf-dist/fonts/type1/urw/helvetic/uhvro8a.pfb>
Output written on refman.pdf (59 pages, 471717 bytes).
PDF statistics:
 2416 PDF objects out of 2487 (max. 8388607)
 2153 compressed objects within 22 object streams
 395 named destinations out of 1000 (max. 500000)
 1718 words of extra memory for PDF output out of 10000 (max. 10000000)

